{"C:\\Users\\Max\\Desktop\\Coding\\WebChess\\src\\ChessBoard.ts":{"path":"C:\\Users\\Max\\Desktop\\Coding\\WebChess\\src\\ChessBoard.ts","statementMap":{"0":{"start":{"line":2,"column":22},"end":{"line":4,"column":1}},"1":{"start":{"line":3,"column":4},"end":{"line":3,"column":62}},"2":{"start":{"line":5,"column":0},"end":{"line":5,"column":62}},"3":{"start":{"line":6,"column":21},"end":{"line":6,"column":61}},"4":{"start":{"line":7,"column":15},"end":{"line":7,"column":49}},"5":{"start":{"line":10,"column":8},"end":{"line":10,"column":37}},"6":{"start":{"line":11,"column":8},"end":{"line":11,"column":37}},"7":{"start":{"line":12,"column":8},"end":{"line":12,"column":43}},"8":{"start":{"line":13,"column":8},"end":{"line":13,"column":32}},"9":{"start":{"line":14,"column":8},"end":{"line":14,"column":23}},"10":{"start":{"line":15,"column":8},"end":{"line":15,"column":30}},"11":{"start":{"line":18,"column":25},"end":{"line":18,"column":44}},"12":{"start":{"line":19,"column":8},"end":{"line":28,"column":9}},"13":{"start":{"line":20,"column":24},"end":{"line":20,"column":49}},"14":{"start":{"line":21,"column":12},"end":{"line":27,"column":13}},"15":{"start":{"line":22,"column":16},"end":{"line":26,"column":17}},"16":{"start":{"line":23,"column":20},"end":{"line":25,"column":21}},"17":{"start":{"line":24,"column":24},"end":{"line":24,"column":36}},"18":{"start":{"line":29,"column":8},"end":{"line":29,"column":21}},"19":{"start":{"line":32,"column":20},"end":{"line":32,"column":21}},"20":{"start":{"line":33,"column":8},"end":{"line":35,"column":9}},"21":{"start":{"line":34,"column":12},"end":{"line":34,"column":25}},"22":{"start":{"line":36,"column":8},"end":{"line":36,"column":23}},"23":{"start":{"line":37,"column":8},"end":{"line":55,"column":9}},"24":{"start":{"line":38,"column":12},"end":{"line":54,"column":13}},"25":{"start":{"line":39,"column":28},"end":{"line":39,"column":39}},"26":{"start":{"line":40,"column":28},"end":{"line":40,"column":39}},"27":{"start":{"line":41,"column":33},"end":{"line":41,"column":62}},"28":{"start":{"line":42,"column":16},"end":{"line":42,"column":54}},"29":{"start":{"line":44,"column":16},"end":{"line":49,"column":17}},"30":{"start":{"line":45,"column":20},"end":{"line":45,"column":31}},"31":{"start":{"line":48,"column":20},"end":{"line":48,"column":89}},"32":{"start":{"line":51,"column":16},"end":{"line":51,"column":52}},"33":{"start":{"line":52,"column":16},"end":{"line":53,"column":111}},"34":{"start":{"line":53,"column":20},"end":{"line":53,"column":111}},"35":{"start":{"line":56,"column":8},"end":{"line":56,"column":21}},"36":{"start":{"line":59,"column":25},"end":{"line":59,"column":72}},"37":{"start":{"line":60,"column":8},"end":{"line":114,"column":9}},"38":{"start":{"line":61,"column":24},"end":{"line":61,"column":49}},"39":{"start":{"line":63,"column":12},"end":{"line":70,"column":13}},"40":{"start":{"line":64,"column":16},"end":{"line":69,"column":17}},"41":{"start":{"line":65,"column":20},"end":{"line":68,"column":21}},"42":{"start":{"line":66,"column":24},"end":{"line":66,"column":35}},"43":{"start":{"line":67,"column":24},"end":{"line":67,"column":30}},"44":{"start":{"line":71,"column":12},"end":{"line":113,"column":13}},"45":{"start":{"line":73,"column":16},"end":{"line":73,"column":63}},"46":{"start":{"line":74,"column":16},"end":{"line":74,"column":51}},"47":{"start":{"line":76,"column":16},"end":{"line":78,"column":17}},"48":{"start":{"line":77,"column":20},"end":{"line":77,"column":39}},"49":{"start":{"line":80,"column":35},"end":{"line":80,"column":88}},"50":{"start":{"line":81,"column":39},"end":{"line":81,"column":44}},"51":{"start":{"line":82,"column":16},"end":{"line":91,"column":17}},"52":{"start":{"line":83,"column":20},"end":{"line":84,"column":30}},"53":{"start":{"line":84,"column":24},"end":{"line":84,"column":30}},"54":{"start":{"line":85,"column":20},"end":{"line":90,"column":21}},"55":{"start":{"line":86,"column":24},"end":{"line":89,"column":25}},"56":{"start":{"line":87,"column":28},"end":{"line":87,"column":52}},"57":{"start":{"line":88,"column":28},"end":{"line":88,"column":34}},"58":{"start":{"line":92,"column":43},"end":{"line":92,"column":48}},"59":{"start":{"line":94,"column":16},"end":{"line":100,"column":17}},"60":{"start":{"line":95,"column":32},"end":{"line":95,"column":59}},"61":{"start":{"line":96,"column":20},"end":{"line":99,"column":21}},"62":{"start":{"line":97,"column":24},"end":{"line":97,"column":52}},"63":{"start":{"line":98,"column":24},"end":{"line":98,"column":30}},"64":{"start":{"line":101,"column":34},"end":{"line":101,"column":75}},"65":{"start":{"line":102,"column":34},"end":{"line":102,"column":76}},"66":{"start":{"line":103,"column":16},"end":{"line":103,"column":53}},"67":{"start":{"line":104,"column":16},"end":{"line":111,"column":17}},"68":{"start":{"line":105,"column":20},"end":{"line":105,"column":75}},"69":{"start":{"line":106,"column":20},"end":{"line":106,"column":39}},"70":{"start":{"line":108,"column":21},"end":{"line":111,"column":17}},"71":{"start":{"line":109,"column":20},"end":{"line":109,"column":64}},"72":{"start":{"line":110,"column":20},"end":{"line":110,"column":39}},"73":{"start":{"line":112,"column":16},"end":{"line":112,"column":61}},"74":{"start":{"line":115,"column":8},"end":{"line":115,"column":25}},"75":{"start":{"line":118,"column":8},"end":{"line":120,"column":9}},"76":{"start":{"line":119,"column":12},"end":{"line":119,"column":31}},"77":{"start":{"line":121,"column":8},"end":{"line":121,"column":54}},"78":{"start":{"line":124,"column":8},"end":{"line":124,"column":37}},"79":{"start":{"line":125,"column":8},"end":{"line":125,"column":37}},"80":{"start":{"line":126,"column":8},"end":{"line":126,"column":32}},"81":{"start":{"line":127,"column":8},"end":{"line":127,"column":23}},"82":{"start":{"line":128,"column":8},"end":{"line":128,"column":33}},"83":{"start":{"line":131,"column":23},"end":{"line":131,"column":24}},"84":{"start":{"line":131,"column":37},"end":{"line":131,"column":38}},"85":{"start":{"line":132,"column":8},"end":{"line":147,"column":9}},"86":{"start":{"line":132,"column":21},"end":{"line":132,"column":22}},"87":{"start":{"line":133,"column":23},"end":{"line":133,"column":42}},"88":{"start":{"line":134,"column":12},"end":{"line":146,"column":13}},"89":{"start":{"line":135,"column":16},"end":{"line":135,"column":30}},"90":{"start":{"line":136,"column":16},"end":{"line":136,"column":29}},"91":{"start":{"line":138,"column":17},"end":{"line":146,"column":13}},"92":{"start":{"line":139,"column":16},"end":{"line":139,"column":43}},"93":{"start":{"line":142,"column":32},"end":{"line":142,"column":74}},"94":{"start":{"line":143,"column":33},"end":{"line":143,"column":79}},"95":{"start":{"line":144,"column":16},"end":{"line":144,"column":99}},"96":{"start":{"line":145,"column":16},"end":{"line":145,"column":30}},"97":{"start":{"line":150,"column":28},"end":{"line":150,"column":29}},"98":{"start":{"line":151,"column":24},"end":{"line":151,"column":26}},"99":{"start":{"line":152,"column":8},"end":{"line":175,"column":9}},"100":{"start":{"line":152,"column":21},"end":{"line":152,"column":22}},"101":{"start":{"line":153,"column":12},"end":{"line":168,"column":13}},"102":{"start":{"line":153,"column":25},"end":{"line":153,"column":26}},"103":{"start":{"line":154,"column":33},"end":{"line":154,"column":52}},"104":{"start":{"line":155,"column":16},"end":{"line":167,"column":17}},"105":{"start":{"line":156,"column":20},"end":{"line":159,"column":21}},"106":{"start":{"line":157,"column":24},"end":{"line":157,"column":51}},"107":{"start":{"line":158,"column":24},"end":{"line":158,"column":42}},"108":{"start":{"line":160,"column":33},"end":{"line":160,"column":86}},"109":{"start":{"line":161,"column":20},"end":{"line":162,"column":54}},"110":{"start":{"line":162,"column":24},"end":{"line":162,"column":54}},"111":{"start":{"line":163,"column":20},"end":{"line":163,"column":40}},"112":{"start":{"line":166,"column":20},"end":{"line":166,"column":36}},"113":{"start":{"line":169,"column":12},"end":{"line":172,"column":13}},"114":{"start":{"line":170,"column":16},"end":{"line":170,"column":43}},"115":{"start":{"line":171,"column":16},"end":{"line":171,"column":34}},"116":{"start":{"line":173,"column":12},"end":{"line":174,"column":33}},"117":{"start":{"line":174,"column":16},"end":{"line":174,"column":33}},"118":{"start":{"line":176,"column":8},"end":{"line":176,"column":25}},"119":{"start":{"line":179,"column":8},"end":{"line":179,"column":52}},"120":{"start":{"line":182,"column":8},"end":{"line":182,"column":27}},"121":{"start":{"line":185,"column":8},"end":{"line":191,"column":9}},"122":{"start":{"line":186,"column":32},"end":{"line":186,"column":53}},"123":{"start":{"line":187,"column":12},"end":{"line":187,"column":94}},"124":{"start":{"line":190,"column":12},"end":{"line":190,"column":29}},"125":{"start":{"line":194,"column":8},"end":{"line":194,"column":48}},"126":{"start":{"line":197,"column":28},"end":{"line":197,"column":49}},"127":{"start":{"line":198,"column":8},"end":{"line":210,"column":9}},"128":{"start":{"line":199,"column":12},"end":{"line":199,"column":35}},"129":{"start":{"line":202,"column":12},"end":{"line":202,"column":35}},"130":{"start":{"line":203,"column":12},"end":{"line":208,"column":13}},"131":{"start":{"line":204,"column":16},"end":{"line":204,"column":64}},"132":{"start":{"line":207,"column":16},"end":{"line":207,"column":64}},"133":{"start":{"line":209,"column":12},"end":{"line":209,"column":37}},"134":{"start":{"line":213,"column":21},"end":{"line":213,"column":89}},"135":{"start":{"line":214,"column":8},"end":{"line":219,"column":9}},"136":{"start":{"line":216,"column":12},"end":{"line":218,"column":13}},"137":{"start":{"line":217,"column":16},"end":{"line":217,"column":29}},"138":{"start":{"line":222,"column":8},"end":{"line":222,"column":70}},"139":{"start":{"line":225,"column":8},"end":{"line":225,"column":52}},"140":{"start":{"line":228,"column":8},"end":{"line":233,"column":9}},"141":{"start":{"line":229,"column":12},"end":{"line":229,"column":36}},"142":{"start":{"line":232,"column":12},"end":{"line":232,"column":36}},"143":{"start":{"line":236,"column":28},"end":{"line":236,"column":49}},"144":{"start":{"line":237,"column":8},"end":{"line":242,"column":9}},"145":{"start":{"line":238,"column":12},"end":{"line":238,"column":51}},"146":{"start":{"line":240,"column":13},"end":{"line":242,"column":9}},"147":{"start":{"line":241,"column":12},"end":{"line":241,"column":51}},"148":{"start":{"line":245,"column":8},"end":{"line":249,"column":9}},"149":{"start":{"line":246,"column":12},"end":{"line":246,"column":73}},"150":{"start":{"line":247,"column":12},"end":{"line":247,"column":50}},"151":{"start":{"line":248,"column":12},"end":{"line":248,"column":40}},"152":{"start":{"line":252,"column":8},"end":{"line":252,"column":50}},"153":{"start":{"line":255,"column":8},"end":{"line":255,"column":119}},"154":{"start":{"line":258,"column":0},"end":{"line":258,"column":29}},"155":{"start":{"line":259,"column":0},"end":{"line":259,"column":72}},"156":{"start":{"line":260,"column":0},"end":{"line":260,"column":99}}},"fnMap":{"0":{"name":"(anonymous_0)","decl":{"start":{"line":2,"column":56},"end":{"line":2,"column":57}},"loc":{"start":{"line":2,"column":71},"end":{"line":4,"column":1}},"line":2},"1":{"name":"(anonymous_1)","decl":{"start":{"line":9,"column":4},"end":{"line":9,"column":5}},"loc":{"start":{"line":9,"column":18},"end":{"line":16,"column":5}},"line":9},"2":{"name":"(anonymous_2)","decl":{"start":{"line":17,"column":4},"end":{"line":17,"column":5}},"loc":{"start":{"line":17,"column":28},"end":{"line":30,"column":5}},"line":17},"3":{"name":"(anonymous_3)","decl":{"start":{"line":31,"column":4},"end":{"line":31,"column":5}},"loc":{"start":{"line":31,"column":40},"end":{"line":57,"column":5}},"line":31},"4":{"name":"(anonymous_4)","decl":{"start":{"line":58,"column":4},"end":{"line":58,"column":5}},"loc":{"start":{"line":58,"column":47},"end":{"line":116,"column":5}},"line":58},"5":{"name":"(anonymous_5)","decl":{"start":{"line":117,"column":4},"end":{"line":117,"column":5}},"loc":{"start":{"line":117,"column":42},"end":{"line":122,"column":5}},"line":117},"6":{"name":"(anonymous_6)","decl":{"start":{"line":123,"column":4},"end":{"line":123,"column":5}},"loc":{"start":{"line":123,"column":46},"end":{"line":129,"column":5}},"line":123},"7":{"name":"(anonymous_7)","decl":{"start":{"line":130,"column":4},"end":{"line":130,"column":5}},"loc":{"start":{"line":130,"column":24},"end":{"line":148,"column":5}},"line":130},"8":{"name":"(anonymous_8)","decl":{"start":{"line":149,"column":4},"end":{"line":149,"column":5}},"loc":{"start":{"line":149,"column":13},"end":{"line":177,"column":5}},"line":149},"9":{"name":"(anonymous_9)","decl":{"start":{"line":178,"column":4},"end":{"line":178,"column":5}},"loc":{"start":{"line":178,"column":23},"end":{"line":180,"column":5}},"line":178},"10":{"name":"(anonymous_10)","decl":{"start":{"line":181,"column":4},"end":{"line":181,"column":5}},"loc":{"start":{"line":181,"column":21},"end":{"line":183,"column":5}},"line":181},"11":{"name":"(anonymous_11)","decl":{"start":{"line":184,"column":4},"end":{"line":184,"column":5}},"loc":{"start":{"line":184,"column":19},"end":{"line":192,"column":5}},"line":184},"12":{"name":"(anonymous_12)","decl":{"start":{"line":193,"column":4},"end":{"line":193,"column":5}},"loc":{"start":{"line":193,"column":24},"end":{"line":195,"column":5}},"line":193},"13":{"name":"(anonymous_13)","decl":{"start":{"line":196,"column":4},"end":{"line":196,"column":5}},"loc":{"start":{"line":196,"column":31},"end":{"line":211,"column":5}},"line":196},"14":{"name":"(anonymous_14)","decl":{"start":{"line":212,"column":4},"end":{"line":212,"column":5}},"loc":{"start":{"line":212,"column":20},"end":{"line":220,"column":5}},"line":212},"15":{"name":"(anonymous_15)","decl":{"start":{"line":221,"column":4},"end":{"line":221,"column":5}},"loc":{"start":{"line":221,"column":28},"end":{"line":223,"column":5}},"line":221},"16":{"name":"(anonymous_16)","decl":{"start":{"line":224,"column":4},"end":{"line":224,"column":5}},"loc":{"start":{"line":224,"column":28},"end":{"line":226,"column":5}},"line":224},"17":{"name":"(anonymous_17)","decl":{"start":{"line":227,"column":4},"end":{"line":227,"column":5}},"loc":{"start":{"line":227,"column":37},"end":{"line":234,"column":5}},"line":227},"18":{"name":"(anonymous_18)","decl":{"start":{"line":235,"column":4},"end":{"line":235,"column":5}},"loc":{"start":{"line":235,"column":22},"end":{"line":243,"column":5}},"line":235},"19":{"name":"(anonymous_19)","decl":{"start":{"line":244,"column":4},"end":{"line":244,"column":5}},"loc":{"start":{"line":244,"column":38},"end":{"line":250,"column":5}},"line":244},"20":{"name":"(anonymous_20)","decl":{"start":{"line":251,"column":4},"end":{"line":251,"column":5}},"loc":{"start":{"line":251,"column":26},"end":{"line":253,"column":5}},"line":251},"21":{"name":"(anonymous_21)","decl":{"start":{"line":254,"column":4},"end":{"line":254,"column":5}},"loc":{"start":{"line":254,"column":33},"end":{"line":256,"column":5}},"line":254}},"branchMap":{"0":{"loc":{"start":{"line":2,"column":22},"end":{"line":4,"column":1}},"type":"binary-expr","locations":[{"start":{"line":2,"column":23},"end":{"line":2,"column":27}},{"start":{"line":2,"column":31},"end":{"line":2,"column":51}},{"start":{"line":2,"column":56},"end":{"line":4,"column":1}}],"line":2},"1":{"loc":{"start":{"line":3,"column":11},"end":{"line":3,"column":61}},"type":"cond-expr","locations":[{"start":{"line":3,"column":37},"end":{"line":3,"column":40}},{"start":{"line":3,"column":43},"end":{"line":3,"column":61}}],"line":3},"2":{"loc":{"start":{"line":3,"column":12},"end":{"line":3,"column":33}},"type":"binary-expr","locations":[{"start":{"line":3,"column":12},"end":{"line":3,"column":15}},{"start":{"line":3,"column":19},"end":{"line":3,"column":33}}],"line":3},"3":{"loc":{"start":{"line":19,"column":8},"end":{"line":28,"column":9}},"type":"if","locations":[{"start":{"line":19,"column":8},"end":{"line":28,"column":9}},{"start":{"line":19,"column":8},"end":{"line":28,"column":9}}],"line":19},"4":{"loc":{"start":{"line":21,"column":12},"end":{"line":27,"column":13}},"type":"if","locations":[{"start":{"line":21,"column":12},"end":{"line":27,"column":13}},{"start":{"line":21,"column":12},"end":{"line":27,"column":13}}],"line":21},"5":{"loc":{"start":{"line":23,"column":20},"end":{"line":25,"column":21}},"type":"if","locations":[{"start":{"line":23,"column":20},"end":{"line":25,"column":21}},{"start":{"line":23,"column":20},"end":{"line":25,"column":21}}],"line":23},"6":{"loc":{"start":{"line":23,"column":24},"end":{"line":23,"column":50}},"type":"binary-expr","locations":[{"start":{"line":23,"column":24},"end":{"line":23,"column":35}},{"start":{"line":23,"column":39},"end":{"line":23,"column":50}}],"line":23},"7":{"loc":{"start":{"line":31,"column":22},"end":{"line":31,"column":38}},"type":"default-arg","locations":[{"start":{"line":31,"column":37},"end":{"line":31,"column":38}}],"line":31},"8":{"loc":{"start":{"line":33,"column":8},"end":{"line":35,"column":9}},"type":"if","locations":[{"start":{"line":33,"column":8},"end":{"line":35,"column":9}},{"start":{"line":33,"column":8},"end":{"line":35,"column":9}}],"line":33},"9":{"loc":{"start":{"line":44,"column":16},"end":{"line":49,"column":17}},"type":"if","locations":[{"start":{"line":44,"column":16},"end":{"line":49,"column":17}},{"start":{"line":44,"column":16},"end":{"line":49,"column":17}}],"line":44},"10":{"loc":{"start":{"line":52,"column":16},"end":{"line":53,"column":111}},"type":"if","locations":[{"start":{"line":52,"column":16},"end":{"line":53,"column":111}},{"start":{"line":52,"column":16},"end":{"line":53,"column":111}}],"line":52},"11":{"loc":{"start":{"line":58,"column":32},"end":{"line":58,"column":45}},"type":"default-arg","locations":[{"start":{"line":58,"column":40},"end":{"line":58,"column":45}}],"line":58},"12":{"loc":{"start":{"line":60,"column":8},"end":{"line":114,"column":9}},"type":"if","locations":[{"start":{"line":60,"column":8},"end":{"line":114,"column":9}},{"start":{"line":60,"column":8},"end":{"line":114,"column":9}}],"line":60},"13":{"loc":{"start":{"line":63,"column":12},"end":{"line":70,"column":13}},"type":"if","locations":[{"start":{"line":63,"column":12},"end":{"line":70,"column":13}},{"start":{"line":63,"column":12},"end":{"line":70,"column":13}}],"line":63},"14":{"loc":{"start":{"line":65,"column":20},"end":{"line":68,"column":21}},"type":"if","locations":[{"start":{"line":65,"column":20},"end":{"line":68,"column":21}},{"start":{"line":65,"column":20},"end":{"line":68,"column":21}}],"line":65},"15":{"loc":{"start":{"line":71,"column":12},"end":{"line":113,"column":13}},"type":"if","locations":[{"start":{"line":71,"column":12},"end":{"line":113,"column":13}},{"start":{"line":71,"column":12},"end":{"line":113,"column":13}}],"line":71},"16":{"loc":{"start":{"line":71,"column":16},"end":{"line":71,"column":29}},"type":"binary-expr","locations":[{"start":{"line":71,"column":16},"end":{"line":71,"column":20}},{"start":{"line":71,"column":24},"end":{"line":71,"column":29}}],"line":71},"17":{"loc":{"start":{"line":76,"column":16},"end":{"line":78,"column":17}},"type":"if","locations":[{"start":{"line":76,"column":16},"end":{"line":78,"column":17}},{"start":{"line":76,"column":16},"end":{"line":78,"column":17}}],"line":76},"18":{"loc":{"start":{"line":76,"column":20},"end":{"line":76,"column":60}},"type":"binary-expr","locations":[{"start":{"line":76,"column":20},"end":{"line":76,"column":26}},{"start":{"line":76,"column":30},"end":{"line":76,"column":60}}],"line":76},"19":{"loc":{"start":{"line":83,"column":20},"end":{"line":84,"column":30}},"type":"if","locations":[{"start":{"line":83,"column":20},"end":{"line":84,"column":30}},{"start":{"line":83,"column":20},"end":{"line":84,"column":30}}],"line":83},"20":{"loc":{"start":{"line":86,"column":24},"end":{"line":89,"column":25}},"type":"if","locations":[{"start":{"line":86,"column":24},"end":{"line":89,"column":25}},{"start":{"line":86,"column":24},"end":{"line":89,"column":25}}],"line":86},"21":{"loc":{"start":{"line":96,"column":20},"end":{"line":99,"column":21}},"type":"if","locations":[{"start":{"line":96,"column":20},"end":{"line":99,"column":21}},{"start":{"line":96,"column":20},"end":{"line":99,"column":21}}],"line":96},"22":{"loc":{"start":{"line":101,"column":34},"end":{"line":101,"column":75}},"type":"binary-expr","locations":[{"start":{"line":101,"column":34},"end":{"line":101,"column":55}},{"start":{"line":101,"column":59},"end":{"line":101,"column":75}}],"line":101},"23":{"loc":{"start":{"line":102,"column":34},"end":{"line":102,"column":76}},"type":"binary-expr","locations":[{"start":{"line":102,"column":34},"end":{"line":102,"column":55}},{"start":{"line":102,"column":59},"end":{"line":102,"column":76}}],"line":102},"24":{"loc":{"start":{"line":104,"column":16},"end":{"line":111,"column":17}},"type":"if","locations":[{"start":{"line":104,"column":16},"end":{"line":111,"column":17}},{"start":{"line":104,"column":16},"end":{"line":111,"column":17}}],"line":104},"25":{"loc":{"start":{"line":108,"column":21},"end":{"line":111,"column":17}},"type":"if","locations":[{"start":{"line":108,"column":21},"end":{"line":111,"column":17}},{"start":{"line":108,"column":21},"end":{"line":111,"column":17}}],"line":108},"26":{"loc":{"start":{"line":112,"column":23},"end":{"line":112,"column":60}},"type":"cond-expr","locations":[{"start":{"line":112,"column":42},"end":{"line":112,"column":49}},{"start":{"line":112,"column":52},"end":{"line":112,"column":60}}],"line":112},"27":{"loc":{"start":{"line":118,"column":8},"end":{"line":120,"column":9}},"type":"if","locations":[{"start":{"line":118,"column":8},"end":{"line":120,"column":9}},{"start":{"line":118,"column":8},"end":{"line":120,"column":9}}],"line":118},"28":{"loc":{"start":{"line":118,"column":12},"end":{"line":118,"column":64}},"type":"binary-expr","locations":[{"start":{"line":118,"column":12},"end":{"line":118,"column":36}},{"start":{"line":118,"column":40},"end":{"line":118,"column":64}}],"line":118},"29":{"loc":{"start":{"line":123,"column":9},"end":{"line":123,"column":44}},"type":"default-arg","locations":[{"start":{"line":123,"column":21},"end":{"line":123,"column":44}}],"line":123},"30":{"loc":{"start":{"line":134,"column":12},"end":{"line":146,"column":13}},"type":"if","locations":[{"start":{"line":134,"column":12},"end":{"line":146,"column":13}},{"start":{"line":134,"column":12},"end":{"line":146,"column":13}}],"line":134},"31":{"loc":{"start":{"line":138,"column":17},"end":{"line":146,"column":13}},"type":"if","locations":[{"start":{"line":138,"column":17},"end":{"line":146,"column":13}},{"start":{"line":138,"column":17},"end":{"line":146,"column":13}}],"line":138},"32":{"loc":{"start":{"line":138,"column":21},"end":{"line":138,"column":47}},"type":"binary-expr","locations":[{"start":{"line":138,"column":21},"end":{"line":138,"column":32}},{"start":{"line":138,"column":36},"end":{"line":138,"column":47}}],"line":138},"33":{"loc":{"start":{"line":143,"column":33},"end":{"line":143,"column":79}},"type":"cond-expr","locations":[{"start":{"line":143,"column":62},"end":{"line":143,"column":69}},{"start":{"line":143,"column":72},"end":{"line":143,"column":79}}],"line":143},"34":{"loc":{"start":{"line":155,"column":16},"end":{"line":167,"column":17}},"type":"if","locations":[{"start":{"line":155,"column":16},"end":{"line":167,"column":17}},{"start":{"line":155,"column":16},"end":{"line":167,"column":17}}],"line":155},"35":{"loc":{"start":{"line":156,"column":20},"end":{"line":159,"column":21}},"type":"if","locations":[{"start":{"line":156,"column":20},"end":{"line":159,"column":21}},{"start":{"line":156,"column":20},"end":{"line":159,"column":21}}],"line":156},"36":{"loc":{"start":{"line":161,"column":20},"end":{"line":162,"column":54}},"type":"if","locations":[{"start":{"line":161,"column":20},"end":{"line":162,"column":54}},{"start":{"line":161,"column":20},"end":{"line":162,"column":54}}],"line":161},"37":{"loc":{"start":{"line":169,"column":12},"end":{"line":172,"column":13}},"type":"if","locations":[{"start":{"line":169,"column":12},"end":{"line":172,"column":13}},{"start":{"line":169,"column":12},"end":{"line":172,"column":13}}],"line":169},"38":{"loc":{"start":{"line":173,"column":12},"end":{"line":174,"column":33}},"type":"if","locations":[{"start":{"line":173,"column":12},"end":{"line":174,"column":33}},{"start":{"line":173,"column":12},"end":{"line":174,"column":33}}],"line":173},"39":{"loc":{"start":{"line":179,"column":15},"end":{"line":179,"column":51}},"type":"cond-expr","locations":[{"start":{"line":179,"column":28},"end":{"line":179,"column":38}},{"start":{"line":179,"column":41},"end":{"line":179,"column":51}}],"line":179},"40":{"loc":{"start":{"line":185,"column":8},"end":{"line":191,"column":9}},"type":"if","locations":[{"start":{"line":185,"column":8},"end":{"line":191,"column":9}},{"start":{"line":185,"column":8},"end":{"line":191,"column":9}}],"line":185},"41":{"loc":{"start":{"line":187,"column":19},"end":{"line":187,"column":93}},"type":"binary-expr","locations":[{"start":{"line":187,"column":19},"end":{"line":187,"column":54}},{"start":{"line":187,"column":58},"end":{"line":187,"column":93}}],"line":187},"42":{"loc":{"start":{"line":198,"column":8},"end":{"line":210,"column":9}},"type":"if","locations":[{"start":{"line":198,"column":8},"end":{"line":210,"column":9}},{"start":{"line":198,"column":8},"end":{"line":210,"column":9}}],"line":198},"43":{"loc":{"start":{"line":203,"column":12},"end":{"line":208,"column":13}},"type":"if","locations":[{"start":{"line":203,"column":12},"end":{"line":208,"column":13}},{"start":{"line":203,"column":12},"end":{"line":208,"column":13}}],"line":203},"44":{"loc":{"start":{"line":213,"column":51},"end":{"line":213,"column":88}},"type":"cond-expr","locations":[{"start":{"line":213,"column":71},"end":{"line":213,"column":78}},{"start":{"line":213,"column":81},"end":{"line":213,"column":88}}],"line":213},"45":{"loc":{"start":{"line":216,"column":12},"end":{"line":218,"column":13}},"type":"if","locations":[{"start":{"line":216,"column":12},"end":{"line":218,"column":13}},{"start":{"line":216,"column":12},"end":{"line":218,"column":13}}],"line":216},"46":{"loc":{"start":{"line":222,"column":15},"end":{"line":222,"column":69}},"type":"cond-expr","locations":[{"start":{"line":222,"column":34},"end":{"line":222,"column":50}},{"start":{"line":222,"column":53},"end":{"line":222,"column":69}}],"line":222},"47":{"loc":{"start":{"line":225,"column":15},"end":{"line":225,"column":51}},"type":"cond-expr","locations":[{"start":{"line":225,"column":34},"end":{"line":225,"column":41}},{"start":{"line":225,"column":44},"end":{"line":225,"column":51}}],"line":225},"48":{"loc":{"start":{"line":228,"column":8},"end":{"line":233,"column":9}},"type":"if","locations":[{"start":{"line":228,"column":8},"end":{"line":233,"column":9}},{"start":{"line":228,"column":8},"end":{"line":233,"column":9}}],"line":228},"49":{"loc":{"start":{"line":237,"column":8},"end":{"line":242,"column":9}},"type":"if","locations":[{"start":{"line":237,"column":8},"end":{"line":242,"column":9}},{"start":{"line":237,"column":8},"end":{"line":242,"column":9}}],"line":237},"50":{"loc":{"start":{"line":240,"column":13},"end":{"line":242,"column":9}},"type":"if","locations":[{"start":{"line":240,"column":13},"end":{"line":242,"column":9}},{"start":{"line":240,"column":13},"end":{"line":242,"column":9}}],"line":240},"51":{"loc":{"start":{"line":245,"column":8},"end":{"line":249,"column":9}},"type":"if","locations":[{"start":{"line":245,"column":8},"end":{"line":249,"column":9}},{"start":{"line":245,"column":8},"end":{"line":249,"column":9}}],"line":245},"52":{"loc":{"start":{"line":252,"column":15},"end":{"line":252,"column":49}},"type":"binary-expr","locations":[{"start":{"line":252,"column":15},"end":{"line":252,"column":21}},{"start":{"line":252,"column":25},"end":{"line":252,"column":31}},{"start":{"line":252,"column":35},"end":{"line":252,"column":40}},{"start":{"line":252,"column":44},"end":{"line":252,"column":49}}],"line":252},"53":{"loc":{"start":{"line":255,"column":15},"end":{"line":255,"column":118}},"type":"binary-expr","locations":[{"start":{"line":255,"column":16},"end":{"line":255,"column":32}},{"start":{"line":255,"column":36},"end":{"line":255,"column":63}},{"start":{"line":255,"column":69},"end":{"line":255,"column":86}},{"start":{"line":255,"column":90},"end":{"line":255,"column":117}}],"line":255}},"s":{"0":1,"1":2,"2":1,"3":1,"4":1,"5":1,"6":1,"7":1,"8":1,"9":1,"10":1,"11":0,"12":0,"13":0,"14":0,"15":0,"16":0,"17":0,"18":0,"19":216370,"20":216370,"21":0,"22":216370,"23":216370,"24":3460276,"25":5288319,"26":5288319,"27":5288319,"28":5288319,"29":5288319,"30":5071954,"31":216365,"32":5288319,"33":5288319,"34":85715,"35":216370,"36":0,"37":0,"38":0,"39":0,"40":0,"41":0,"42":0,"43":0,"44":0,"45":0,"46":0,"47":0,"48":0,"49":0,"50":0,"51":0,"52":0,"53":0,"54":0,"55":0,"56":0,"57":0,"58":0,"59":0,"60":0,"61":0,"62":0,"63":0,"64":0,"65":0,"66":0,"67":0,"68":0,"69":0,"70":0,"71":0,"72":0,"73":0,"74":0,"75":172698558,"76":95579946,"77":77118612,"78":1,"79":1,"80":1,"81":1,"82":1,"83":1,"84":1,"85":1,"86":1,"87":43,"88":43,"89":7,"90":7,"91":36,"92":4,"93":32,"94":32,"95":32,"96":32,"97":0,"98":0,"99":0,"100":0,"101":0,"102":0,"103":0,"104":0,"105":0,"106":0,"107":0,"108":0,"109":0,"110":0,"111":0,"112":0,"113":0,"114":0,"115":0,"116":0,"117":0,"118":0,"119":0,"120":446635924,"121":361552858,"122":361552858,"123":361552858,"124":0,"125":1002619,"126":42541533,"127":42541533,"128":21184948,"129":21356585,"130":21356585,"131":19604782,"132":1751803,"133":21356585,"134":3460276,"135":3460276,"136":22529700,"137":3460276,"138":216370,"139":216365,"140":8764431,"141":5193147,"142":3571284,"143":42541533,"144":42541533,"145":19604766,"146":22936767,"147":1751787,"148":21184948,"149":21184948,"150":21184948,"151":21184948,"152":361552858,"153":0,"154":1,"155":1,"156":1},"f":{"0":2,"1":1,"2":0,"3":216370,"4":0,"5":172698558,"6":1,"7":1,"8":0,"9":0,"10":446635924,"11":361552858,"12":1002619,"13":42541533,"14":3460276,"15":216370,"16":216365,"17":8764431,"18":42541533,"19":21184948,"20":361552858,"21":0},"b":{"0":[1,1,1],"1":[2,0],"2":[2,2],"3":[0,0],"4":[0,0],"5":[0,0],"6":[0,0],"7":[5],"8":[0,216370],"9":[5071954,216365],"10":[85715,5202604],"11":[0],"12":[0,0],"13":[0,0],"14":[0,0],"15":[0,0],"16":[0,0],"17":[0,0],"18":[0,0],"19":[0,0],"20":[0,0],"21":[0,0],"22":[0,0],"23":[0,0],"24":[0,0],"25":[0,0],"26":[0,0],"27":[95579946,77118612],"28":[172698558,172698558],"29":[1],"30":[7,36],"31":[4,32],"32":[36,36],"33":[16,16],"34":[0,0],"35":[0,0],"36":[0,0],"37":[0,0],"38":[0,0],"39":[0,0],"40":[361552858,0],"41":[361552858,324595173],"42":[21184948,21356585],"43":[19604782,1751803],"44":[3174200,286076],"45":[3460276,19069424],"46":[198486,17884],"47":[17884,198481],"48":[5193147,3571284],"49":[19604766,22936767],"50":[1751787,21184980],"51":[21184948,0],"52":[361552858,361552858,361552858,361552858],"53":[0,0,0,0]},"inputSourceMap":{"version":3,"file":"C:/Users/Max/Desktop/Coding/WebChess/src/ChessBoard.ts","sources":["C:/Users/Max/Desktop/Coding/WebChess/src/ChessBoard.ts"],"names":[],"mappings":";;;;;AAAA,8DAAgE;AAChE,kDAA0B;AAG1B,MAAqB,UAAU;IAA/B;QAIE,gBAAW,GAA4B,IAAI,GAAG,EAAE,CAAC;QACjD,gBAAW,GAA4B,IAAI,GAAG,EAAE,CAAC;QAEjD,sBAAiB,GAAoB,SAAS,CAAC;QAC/C,gBAAW,GAAG,IAAI,CAAA;QAClB,UAAK,GAAG,CAAC,CAAA;QAET,gBAAW,GAAsC,EAAE,CAAA;IAqSrD,CAAC;IAnSC,SAAS,CAAC,CAAS,EAAE,CAAS,EAAE,EAAU,EAAE,EAAU;QACpD,IAAI,UAAU,GAAG,IAAI,CAAC,QAAQ,CAAC,CAAC,EAAE,CAAC,CAAC,CAAC;QACrC,IAAI,UAAU,EAAC;YACb,IAAI,KAAK,GAAG,UAAU,CAAC,QAAQ,CAAC,IAAI,CAAC,CAAC;YAEtC,IAAI,KAAK,EAAC;gBACR,KAAI,IAAI,GAAG,IAAI,KAAK,EAAC;oBACnB,IAAG,GAAG,CAAC,CAAC,IAAI,EAAE,IAAI,GAAG,CAAC,CAAC,IAAI,EAAE,EAAC;wBAC5B,OAAO,IAAI,CAAC;qBACb;iBACF;aACF;SACF;QACD,OAAO,KAAK,CAAC;IACf,CAAC;IAED,GAAG,CAAC,KAAiB,EAAE,KAAa,EAAE,YAAY,GAAG,CAAC;QACpD,IAAI,KAAK,GAAG,CAAC,CAAC;QAEd,IAAI,YAAY,IAAI,KAAK,EAAC;YACxB,OAAO,KAAK,CAAC;SACd;QAED,YAAY,EAAG,CAAC;QAEhB,KAAK,IAAI,KAAK,IAAI,CAAC,GAAG,IAAI,CAAC,gBAAgB,CAAC,KAAK,CAAC,CAAC,MAAM,EAAE,CAAC,EAAC;YAC3D,KAAK,IAAI,IAAI,IAAI,KAAK,CAAC,QAAQ,CAAC,IAAI,CAAC,EAAC;gBACpC,IAAI,KAAK,GAAG,KAAK,CAAC,GAAG,CAAC,CAAC,CAAC;gBACxB,IAAI,KAAK,GAAG,KAAK,CAAC,GAAG,CAAC,CAAC,CAAC;gBAExB,IAAI,UAAU,GAAG,IAAI,CAAC,QAAQ,CAAC,IAAI,CAAC,CAAC,EAAE,IAAI,CAAC,CAAC,CAAC,CAAC;gBAC/C,IAAI,CAAC,SAAS,CAAC,KAAK,EAAE,IAAI,CAAC,CAAC,EAAE,IAAI,CAAC,CAAC,CAAC,CAAA;gBACrC,OAAO;gBAEP,IAAI,YAAY,IAAI,KAAK,EAAC;oBACxB,KAAK,IAAI,CAAC,CAAA;iBACX;qBAAI;oBACH,KAAK,IAAI,IAAI,CAAC,GAAG,CAAC,IAAI,CAAC,gBAAgB,CAAC,KAAK,CAAC,EAAE,KAAK,EAAE,YAAY,CAAC,CAAA;iBACrE;gBAED,KAAK;gBACL,IAAI,CAAC,SAAS,CAAC,KAAK,EAAE,KAAK,EAAE,KAAK,CAAC,CAAA;gBACnC,IAAI,UAAU;oBACZ,IAAI,CAAC,QAAQ,CAAC,IAAI,oBAAU,CAAC,UAAU,CAAC,IAAI,EAAE,UAAU,CAAC,KAAK,CAAC,EAAE,IAAI,CAAC,CAAC,EAAE,IAAI,CAAC,CAAC,CAAC,CAAA;aACnF;SACF;QACD,OAAO,KAAK,CAAC;IACf,CAAC;IAED,IAAI,CAAC,aAAkB,EAAE,MAAW,EAAE,KAAK,GAAG,KAAK;QACjD,IAAI,UAAU,GAAG,IAAI,CAAC,QAAQ,CAAC,aAAa,CAAC,CAAC,EAAE,aAAa,CAAC,CAAC,CAAC,CAAC;QACjE,IAAI,UAAU,EAAC;YACb,IAAI,KAAK,GAAG,UAAU,CAAC,QAAQ,CAAC,IAAI,CAAC,CAAC;YAEtC,IAAI,IAAI,CAAC;YACT,IAAI,KAAK,EAAC;gBACR,KAAI,IAAI,GAAG,IAAI,KAAK,EAAC;oBACnB,IAAG,MAAM,CAAC,MAAM,CAAC,GAAG,CAAC,CAAC,EAAE,GAAG,CAAC,CAAC,CAAC,EAAC;wBAC7B,IAAI,GAAG,GAAG,CAAC;wBACX,MAAM;qBACP;iBACF;aACF;YAED,IAAI,IAAI,IAAI,KAAK,EAAC;gBAChB,yBAAyB;gBACzB,IAAI,CAAC,SAAS,CAAC,UAAU,EAAE,MAAM,CAAC,CAAC,EAAE,MAAM,CAAC,CAAC,CAAC,CAAA;gBAC9C,IAAI,CAAC,iBAAiB,GAAG,SAAS,CAAC;gBAEnC,+DAA+D;gBAC/D,IAAI,CAAC,KAAK,IAAI,IAAI,YAAY,cAAI,EAAC;oBACjC,IAAI,CAAC,WAAW,EAAE,CAAC;iBACpB;gBAED,yBAAyB;gBACzB,IAAI,YAAY,GAAG,IAAI,CAAC,OAAO,CAAC,IAAI,CAAC,gBAAgB,CAAC,UAAU,CAAC,KAAK,CAAC,CAAE,CAAC;gBAG1E,IAAI,gBAAgB,GAAG,KAAK,CAAC;gBAC7B,KAAK,IAAI,KAAK,IAAI,IAAI,CAAC,gBAAgB,CAAC,UAAU,CAAC,KAAK,CAAC,CAAC,MAAM,EAAE,EAAC;oBACjE,IAAI,gBAAgB;wBAClB,MAAM;oBAER,KAAK,IAAI,IAAI,IAAI,KAAK,CAAC,QAAQ,CAAC,IAAI,EAAE,KAAK,CAAC,EAAC;wBAC3C,IAAI,IAAI,CAAC,SAAS,CAAC,YAAY,CAAC,GAAG,CAAC,EAAC;4BACnC,gBAAgB,GAAG,IAAI,CAAC;4BACxB,MAAM;yBACP;qBACF;iBACF;gBAGD,IAAI,oBAAoB,GAAG,KAAK,CAAC;gBACjC,oEAAoE;gBACpE,KAAK,IAAI,KAAK,IAAI,CAAC,GAAG,IAAI,CAAC,gBAAgB,CAAC,IAAI,CAAC,gBAAgB,CAAC,UAAU,CAAC,KAAK,CAAC,CAAC,CAAC,MAAM,EAAE,CAAC,EAAC;oBAC7F,IAAI,KAAK,GAAG,KAAK,CAAC,QAAQ,CAAC,IAAI,CAAC,CAAC,MAAM,CAAC;oBAExC,IAAI,KAAK,IAAI,CAAC,EAAC;wBACb,oBAAoB,GAAG,IAAI,CAAC;wBAC5B,MAAM;qBACP;iBACF;gBAED,IAAI,WAAW,GAAG,CAAC,oBAAoB,IAAI,gBAAgB,CAAC;gBAC5D,IAAI,WAAW,GAAG,CAAC,oBAAoB,IAAI,CAAC,gBAAgB,CAAC;gBAE7D,IAAI,CAAC,WAAW,GAAG,CAAC,IAAI,CAAC,WAAW,CAAA;gBAEpC,IAAI,WAAW,EAAC;oBACd,OAAO,CAAC,GAAG,CAAC,cAAc,UAAU,CAAC,KAAK,WAAW,CAAC,CAAA;oBACtD,OAAO,WAAW,CAAC;iBACpB;qBAAK,IAAG,WAAW,EAAC;oBACnB,OAAO,CAAC,GAAG,CAAC,8BAA8B,CAAC,CAAA;oBAC3C,OAAO,WAAW,CAAA;iBACnB;gBAED,OAAO,gBAAgB,CAAC,CAAC,CAAC,OAAO,CAAC,CAAC,CAAC,QAAQ,CAAC;aAC9C;SACF;QACD,OAAO,SAAS,CAAC;IACnB,CAAC;IAGD,WAAW,CAAC,WAAmC,EAAE,WAAkC;QACjF,IAAG,WAAW,IAAI,SAAS,IAAI,WAAW,IAAI,SAAS,EAAC;YACtD,OAAO,WAAW,CAAC;SACpB;QAED,OAAO,WAAW,CAAC,KAAK,IAAI,WAAW,CAAC,KAAK,CAAC;IAChD,CAAC;IAGD,IAAI,CAAC,SAAS,GAAG,UAAU,CAAC,YAAY;QACtC,IAAI,CAAC,WAAW,GAAG,IAAI,GAAG,EAAE,CAAC;QAC7B,IAAI,CAAC,WAAW,GAAG,IAAI,GAAG,EAAE,CAAC;QAE7B,IAAI,CAAC,WAAW,GAAG,IAAI,CAAC;QACxB,IAAI,CAAC,KAAK,GAAG,CAAC,CAAC;QAEf,IAAI,CAAC,QAAQ,CAAC,SAAS,CAAC,CAAC;IAC3B,CAAC;IAED,QAAQ,CAAC,SAAiB;QACxB,IAAI,QAAQ,GAAG,CAAC,EAAE,QAAQ,GAAG,CAAC,CAAA;QAC9B,KAAI,IAAI,CAAC,GAAG,CAAC,EAAE,CAAC,GAAG,SAAS,CAAC,MAAM,EAAE,CAAC,EAAE,EAAC;YACvC,IAAI,IAAI,GAAG,SAAS,CAAC,MAAM,CAAC,CAAC,CAAC,CAAC;YAE/B,IAAI,IAAI,IAAI,GAAG,EAAC;gBACd,QAAQ,IAAI,CAAC,CAAA;gBACb,QAAQ,GAAG,CAAC,CAAC;aAEd;iBAAK,IAAG,IAAI,IAAI,GAAG,IAAI,IAAI,IAAI,GAAG,EAAC;gBAClC,QAAQ,IAAI,QAAQ,CAAC,IAAI,CAAC,CAAA;aAE3B;iBAAI;gBAEH,IAAI,SAAS,GAAc,oBAAU,CAAC,eAAe,CAAC,IAAI,CAAC,CAAC;gBAC5D,IAAI,UAAU,GAAe,IAAI,CAAC,WAAW,EAAE,IAAI,IAAI,CAAC,CAAC,CAAC,OAAO,CAAC,CAAC,CAAC,OAAO,CAAC;gBAE5E,IAAI,CAAC,QAAQ,CAAC,IAAI,oBAAU,CAAC,SAAS,EAAE,UAAU,CAAC,EAAE,QAAQ,EAAE,QAAQ,CAAC,CAAC;gBACzE,QAAQ,IAAI,CAAC,CAAC;aACf;SACF;IACH,CAAC;IAED,MAAM;QACJ,IAAI,aAAa,GAAG,CAAC,CAAA;QACrB,IAAI,SAAS,GAAG,EAAE,CAAC;QACnB,KAAK,IAAI,CAAC,GAAG,CAAC,EAAE,CAAC,GAAG,CAAC,EAAE,CAAC,EAAE,EAAC;YACzB,KAAI,IAAI,CAAC,GAAG,CAAC,EAAE,CAAC,GAAG,CAAC,EAAE,CAAC,EAAE,EAAC;gBACxB,IAAI,UAAU,GAAG,IAAI,CAAC,QAAQ,CAAC,CAAC,EAAE,CAAC,CAAC,CAAC;gBACrC,IAAG,UAAU,EAAC;oBACZ,IAAI,aAAa,IAAI,CAAC,EAAC;wBACrB,SAAS,IAAI,aAAa,CAAC;wBAC3B,aAAa,GAAG,CAAC,CAAA;qBAClB;oBAED,IAAI,MAAM,GAAG,oBAAU,CAAC,eAAe,CAAC,UAAU,CAAC,IAAI,CAAC,CAAC;oBAEzD,IAAI,UAAU,CAAC,KAAK,IAAI,OAAO;wBAC7B,MAAM,GAAG,MAAM,CAAC,WAAW,EAAE,CAAC;oBAEhC,SAAS,IAAI,MAAM,CAAA;iBACpB;qBAAI;oBACH,aAAa,EAAG,CAAC;iBAClB;aACF;YACD,IAAI,aAAa,IAAI,CAAC,EAAC;gBACrB,SAAS,IAAI,aAAa,CAAC;gBAC3B,aAAa,GAAG,CAAC,CAAA;aAClB;YACD,IAAI,CAAC,IAAI,CAAC;gBACR,SAAS,IAAI,GAAG,CAAC;SACpB;QACD,OAAO,SAAS,CAAC;IACnB,CAAC;IAED,YAAY,CAAC,CAAS,EAAE,CAAS;QAC/B,OAAO,CAAC,GAAG,CAAC,IAAI,CAAC,CAAC,CAAC,CAAC,CAAC,GAAG,CAAC,IAAI,CAAC,CAAC,CAAC,CAAC,CAAC,GAAG,CAAC,IAAI,CAAC,CAAC;IAC9C,CAAC;IAED,UAAU,CAAC,CAAS,EAAE,CAAS;QAC7B,OAAO,GAAG,CAAC,IAAI,CAAC,EAAE,CAAA;IACpB,CAAC;IAED,QAAQ,CAAC,CAAS,EAAE,CAAS;QAC3B,IAAI,IAAI,CAAC,eAAe,CAAC,CAAC,EAAE,CAAC,CAAC,EAAC;YAC7B,IAAI,aAAa,GAAG,IAAI,CAAC,UAAU,CAAC,CAAC,EAAC,CAAC,CAAC,CAAC;YACzC,OAAO,IAAI,CAAC,WAAW,CAAC,GAAG,CAAC,aAAa,CAAC,IAAI,IAAI,CAAC,WAAW,CAAC,GAAG,CAAC,aAAa,CAAC,CAAC;SACnF;aAAI;YACH,OAAO,SAAS,CAAA;SACjB;IACH,CAAC;IAED,aAAa,CAAC,CAAS,EAAE,CAAS;QAChC,OAAO,IAAI,CAAC,QAAQ,CAAC,CAAC,EAAE,CAAC,CAAC,IAAI,SAAS,CAAC;IAC1C,CAAC;IAED,QAAQ,CAAC,UAAkC,EAAE,CAAS,EAAE,CAAS;QAC/D,IAAI,aAAa,GAAG,IAAI,CAAC,UAAU,CAAC,CAAC,EAAC,CAAC,CAAC,CAAC;QAEzC,IAAI,CAAC,UAAU,EAAC;YACd,IAAI,CAAC,WAAW,CAAC,CAAC,EAAE,CAAC,CAAC,CAAC;SACxB;aAAI;YACH,IAAI,CAAC,WAAW,CAAC,CAAC,EAAE,CAAC,CAAC,CAAC;YACvB,IAAI,UAAU,CAAC,KAAK,IAAI,OAAO,EAAC;gBAC9B,IAAI,CAAC,WAAW,CAAC,GAAG,CAAC,aAAa,EAAE,UAAU,CAAC,CAAC;aACjD;iBAAI;gBACH,IAAI,CAAC,WAAW,CAAC,GAAG,CAAC,aAAa,EAAE,UAAU,CAAC,CAAC;aACjD;YACD,UAAU,CAAC,GAAG,CAAC,GAAG,CAAC,CAAC,EAAE,CAAC,CAAC,CAAC;SAC1B;IACH,CAAC;IAED,OAAO,CAAC,MAAkB;QACxB,IAAI,MAAM,GAAG,IAAI,CAAC,wBAAwB,CAAC,MAAM,IAAI,OAAO,CAAC,CAAC,CAAC,OAAO,CAAC,CAAC,CAAC,OAAO,CAAC,CAAC;QAElF,KAAK,IAAI,KAAK,IAAI,MAAM,CAAC,MAAM,EAAE,EAAC;YAChC,wCAAwC;YACxC,IAAI,KAAK,CAAC,IAAI,IAAI,MAAM,EAAC;gBACvB,OAAO,KAAK,CAAC;aACd;SACF;IACH,CAAC;IAED,gBAAgB,CAAC,KAAiB;QAChC,OAAO,KAAK,IAAI,OAAO,CAAC,CAAC,CAAC,IAAI,CAAC,WAAW,CAAC,CAAC,CAAC,IAAI,CAAC,WAAW,CAAC;IAChE,CAAC;IAED,gBAAgB,CAAC,KAAiB;QAChC,OAAO,KAAK,IAAI,OAAO,CAAC,CAAC,CAAC,OAAO,CAAC,CAAC,CAAC,OAAO,CAAC;IAC9C,CAAC;IAED,wBAAwB,CAAC,MAAkB;QACzC,IAAI,MAAM,IAAI,OAAO,EAAC;YACpB,OAAO,IAAI,CAAC,WAAW,CAAA;SACxB;aAAI;YACH,OAAO,IAAI,CAAC,WAAW,CAAC;SACzB;IACH,CAAC;IAED,WAAW,CAAC,CAAS,EAAE,CAAS;QAC9B,IAAI,aAAa,GAAG,IAAI,CAAC,UAAU,CAAC,CAAC,EAAC,CAAC,CAAC,CAAC;QAEzC,IAAI,IAAI,CAAC,WAAW,CAAC,GAAG,CAAC,aAAa,CAAC,EAAC;YACtC,IAAI,CAAC,WAAW,CAAC,MAAM,CAAC,aAAa,CAAC,CAAC;SAExC;aAAK,IAAI,IAAI,CAAC,WAAW,CAAC,GAAG,CAAC,aAAa,CAAC,EAAC;YAC5C,IAAI,CAAC,WAAW,CAAC,MAAM,CAAC,aAAa,CAAC,CAAC;SACxC;IACH,CAAC;IAED,SAAS,CAAC,UAAsB,EAAE,IAAY,EAAE,IAAY;QAC1D,IAAI,IAAI,CAAC,QAAQ,CAAC,UAAU,CAAC,GAAG,CAAC,CAAC,EAAE,UAAU,CAAC,GAAG,CAAC,CAAC,CAAC,EAAC;YACpD,IAAI,CAAC,QAAQ,CAAC,SAAS,EAAE,UAAU,CAAC,GAAG,CAAC,CAAC,EAAE,UAAU,CAAC,GAAG,CAAC,CAAC,CAAC,CAAC;YAC7D,IAAI,CAAC,QAAQ,CAAC,UAAU,EAAE,IAAI,EAAE,IAAI,CAAC,CAAC;YAEtC,UAAU,CAAC,IAAI,CAAC,IAAI,EAAE,IAAI,CAAC,CAAC;SAC7B;IACH,CAAC;IAKD,eAAe,CAAC,CAAS,EAAE,CAAS;QAClC,OAAO,CAAC,IAAI,CAAC,IAAI,CAAC,IAAI,CAAC,IAAI,CAAC,GAAG,CAAC,IAAI,CAAC,GAAG,CAAC,CAAA;IAC3C,CAAC;IAED,gBAAgB,CAAC,UAAsB;QACrC,OAAO,CAAC,IAAI,CAAC,WAAW,IAAI,UAAU,CAAC,KAAK,IAAI,OAAO,CAAC,IAAI,CAAC,CAAC,IAAI,CAAC,WAAW,IAAI,UAAU,CAAC,KAAK,IAAI,OAAO,CAAC,CAAA;IAChH,CAAC;;AA/SH,6BAgTC;AA/SQ,uBAAY,GAAG,6CAA6C,CAAA;AAC5D,sBAAW,GAAgB,CAAC,MAAM,EAAE,QAAQ,EAAE,QAAQ,EAAE,OAAO,EAAE,MAAM,EAAE,QAAQ,EAAE,QAAQ,EAAE,MAAM,CAAC,CAAA","sourcesContent":["import ChessPiece, { PieceColor, PieceType } from \"./ChessPiece\"\r\nimport Move from \"./Move\";\r\nimport Pos from \"./Pos\";\r\n\r\nexport default class ChessBoard{\r\n  static STARTING_FEN = \"rnbqkbnr/pppppppp/8/8/8/8/PPPPPPPP/RNBQKBNR\"\r\n  static PIECE_ORDER: PieceType[] = [\"rook\", \"knight\", \"bishop\", \"queen\", \"king\", \"bishop\", \"knight\", \"rook\"]\r\n\r\n  whitePieces: Map<string, ChessPiece> = new Map();\r\n  blackPieces: Map<string, ChessPiece> = new Map();\r\n\r\n  enPassantPosition: Pos | undefined = undefined;\r\n  whiteToMove = true\r\n  moves = 0\r\n\r\n  textureDict: {[key: string]: HTMLImageElement} = {}\r\n  \r\n  canMoveTo(x: number, y: number, x1: number, y1: number){\r\n    let chessPiece = this.getPiece(x, y);\r\n    if (chessPiece){\r\n      let moves = chessPiece.getMoves(this);\r\n    \r\n      if (moves){\r\n        for(let pos of moves){\r\n          if(pos.x == x1 && pos.y == y1){\r\n            return true;\r\n          }\r\n        }\r\n      }\r\n    }\r\n    return false;\r\n  }\r\n\r\n  sim(color: PieceColor, depth: number, currentDepth = 0): number{\r\n    let moves = 0;\r\n\r\n    if (currentDepth == depth){\r\n      return moves;\r\n    }\r\n\r\n    currentDepth ++;\r\n\r\n    for (let piece of [...this.getPiecesOfColor(color).values()]){\r\n      for (let move of piece.getMoves(this)){\r\n        let prevX = piece.pos.x;\r\n        let prevY = piece.pos.y;\r\n\r\n        let pieceAtPos = this.getPiece(move.x, move.y);\r\n        this.movePiece(piece, move.x, move.y)\r\n        //Start\r\n\r\n        if (currentDepth == depth){\r\n          moves += 1\r\n        }else{\r\n          moves += this.sim(this.getOpposingColor(color), depth, currentDepth)\r\n        }\r\n\r\n        //End\r\n        this.movePiece(piece, prevX, prevY)\r\n        if (pieceAtPos)\r\n          this.setPiece(new ChessPiece(pieceAtPos.type, pieceAtPos.color), move.x, move.y)\r\n      }\r\n    }\r\n    return moves;\r\n  }\r\n\r\n  move(chessPiecePos: Pos, newPos: Pos, force = false){\r\n    let chessPiece = this.getPiece(chessPiecePos.x, chessPiecePos.y);\r\n    if (chessPiece){\r\n      let moves = chessPiece.getMoves(this);\r\n    \r\n      let move;\r\n      if (moves){\r\n        for(let pos of moves){\r\n          if(newPos.equals(pos.x, pos.y)){\r\n            move = pos;\r\n            break;\r\n          }\r\n        }\r\n      }\r\n\r\n      if (move || force){\r\n        // Actually make the move\r\n        this.movePiece(chessPiece, newPos.x, newPos.y)\r\n        this.enPassantPosition = undefined;\r\n\r\n        // Execute any aftermath (Pawn promotion, castling, en passant)\r\n        if (!force && move instanceof Move){\r\n          move.onPieceMove();\r\n        }\r\n      \r\n        // Did this end the game?\r\n        let opposingKing = this.getKing(this.getOpposingColor(chessPiece.color))!;\r\n\r\n\r\n        let enemyKingInCheck = false;\r\n        for (let piece of this.getPiecesOfColor(chessPiece.color).values()){\r\n          if (enemyKingInCheck)\r\n            break;\r\n\r\n          for (let move of piece.getMoves(this, false)){\r\n            if (move.equalsPos(opposingKing.pos)){\r\n              enemyKingInCheck = true;\r\n              break;\r\n            }\r\n          }\r\n        }\r\n\r\n\r\n        let enemyTeamHasAnyMoves = false;\r\n        // Copy list so the 'simulations' don't interfer with the list order\r\n        for (let piece of [...this.getPiecesOfColor(this.getOpposingColor(chessPiece.color)).values()]){\r\n          let moves = piece.getMoves(this).length;\r\n\r\n          if (moves != 0){\r\n            enemyTeamHasAnyMoves = true;\r\n            break;\r\n          }\r\n        }\r\n\r\n        let isCheckmate = !enemyTeamHasAnyMoves && enemyKingInCheck;\r\n        let isStalemate = !enemyTeamHasAnyMoves && !enemyKingInCheck;\r\n\r\n        this.whiteToMove = !this.whiteToMove\r\n\r\n        if (isCheckmate){\r\n          console.log(`Checkmate. ${chessPiece.color} has won!`)\r\n          return \"checkmate\";\r\n        }else if(isStalemate){\r\n          console.log(`Stalemate. The game is drawn`)\r\n          return \"stalemate\"\r\n        }\r\n        \r\n        return enemyKingInCheck ? \"check\" : \"normal\";\r\n      }\r\n    }\r\n    return \"invalid\";\r\n  }\r\n\r\n\r\n  sameColorAs(chessPiece1: ChessPiece | undefined, chessPiece2: ChessPiece| undefined){\r\n    if(chessPiece1 == undefined || chessPiece2 == undefined){\r\n      return 'undefined';\r\n    }\r\n\r\n    return chessPiece1.color == chessPiece2.color;\r\n  }\r\n  \r\n \r\n  init(fenString = ChessBoard.STARTING_FEN){\r\n    this.whitePieces = new Map();\r\n    this.blackPieces = new Map();\r\n\r\n    this.whiteToMove = true;\r\n    this.moves = 0;\r\n\r\n    this.parseFen(fenString);\r\n  }\r\n\r\n  parseFen(fenString: string){\r\n    let currentX = 0, currentY = 0\r\n    for(let i = 0; i < fenString.length; i++){\r\n      let char = fenString.charAt(i);\r\n\r\n      if (char == \"/\"){\r\n        currentY += 1\r\n        currentX = 0;\r\n\r\n      }else if(char >= '0' && char <= '9'){\r\n        currentX += parseInt(char)\r\n\r\n      }else{\r\n\r\n        let pieceType: PieceType = ChessPiece.getTypeByLetter(char);\r\n        let pieceColor: PieceColor = char.toUpperCase() == char ? \"white\" : \"black\";\r\n\r\n        this.setPiece(new ChessPiece(pieceType, pieceColor), currentX, currentY);\r\n        currentX += 1;\r\n      }\r\n    }\r\n  }\r\n\r\n  getFen(): string{\r\n    let currentBlanks = 0\r\n    let fenString = \"\";\r\n    for (let y = 0; y < 8; y++){\r\n      for(let x = 0; x < 8; x++){\r\n        let chessPiece = this.getPiece(x, y);\r\n        if(chessPiece){\r\n          if (currentBlanks != 0){\r\n            fenString += currentBlanks;\r\n            currentBlanks = 0\r\n          }\r\n\r\n          let letter = ChessPiece.getLetterByType(chessPiece.type);\r\n\r\n          if (chessPiece.color == \"white\")\r\n            letter = letter.toUpperCase();\r\n\r\n          fenString += letter\r\n        }else{\r\n          currentBlanks ++;\r\n        }\r\n      }\r\n      if (currentBlanks != 0){\r\n        fenString += currentBlanks;\r\n        currentBlanks = 0\r\n      }\r\n      if (y != 7)\r\n        fenString += \"/\";\r\n    }\r\n    return fenString;\r\n  }\r\n\r\n  isDarkSquare(x: number, y: number): boolean{\r\n    return y % 2 == 0 ? x % 2 != 0 : x % 2 == 0;\r\n  }\r\n\r\n  getLocator(x: number, y: number): string{\r\n    return `${x},${y}`\r\n  }\r\n\r\n  getPiece(x: number, y: number): ChessPiece | undefined{\r\n    if (this.isValidPosition(x, y)){\r\n      let stringLocator = this.getLocator(x,y);\r\n      return this.whitePieces.get(stringLocator) || this.blackPieces.get(stringLocator);\r\n    }else{\r\n      return undefined\r\n    }\r\n  }\r\n\r\n  pieceExistsOn(x: number, y: number): boolean{\r\n    return this.getPiece(x, y) != undefined;\r\n  }\r\n\r\n  setPiece(chessPiece: ChessPiece | undefined, x: number, y: number){\r\n    let stringLocator = this.getLocator(x,y);\r\n\r\n    if (!chessPiece){\r\n      this.removePiece(x, y);\r\n    }else{\r\n      this.removePiece(x, y);\r\n      if (chessPiece.color == \"white\"){\r\n        this.whitePieces.set(stringLocator, chessPiece);\r\n      }else{\r\n        this.blackPieces.set(stringLocator, chessPiece);\r\n      }\r\n      chessPiece.pos.set(x, y);\r\n    }\r\n  }\r\n\r\n  getKing(string: PieceColor){\r\n    let pieces = this.getOppositeColoredPieces(string == \"white\" ? \"black\" : \"white\");\r\n\r\n    for (let piece of pieces.values()){\r\n      //console.log(`Grabbing king: ${piece}`)\r\n      if (piece.type == \"king\"){\r\n        return piece;\r\n      }\r\n    }\r\n  }\r\n\r\n  getPiecesOfColor(color: PieceColor){\r\n    return color == \"white\" ? this.whitePieces : this.blackPieces;\r\n  }\r\n\r\n  getOpposingColor(color: PieceColor){\r\n    return color == \"white\" ? \"black\" : \"white\";\r\n  }\r\n\r\n  getOppositeColoredPieces(string: PieceColor){\r\n    if (string == \"white\"){\r\n      return this.blackPieces\r\n    }else{\r\n      return this.whitePieces;\r\n    }\r\n  }\r\n\r\n  removePiece(x: number, y: number){\r\n    let stringLocator = this.getLocator(x,y);\r\n\r\n    if (this.whitePieces.get(stringLocator)){\r\n      this.whitePieces.delete(stringLocator);\r\n\r\n    }else if (this.blackPieces.get(stringLocator)){\r\n      this.blackPieces.delete(stringLocator);\r\n    }\r\n  }\r\n\r\n  movePiece(chessPiece: ChessPiece, newX: number, newY: number){\r\n    if (this.getPiece(chessPiece.pos.x, chessPiece.pos.y)){\r\n      this.setPiece(undefined, chessPiece.pos.x, chessPiece.pos.y);\r\n      this.setPiece(chessPiece, newX, newY);\r\n\r\n      chessPiece.move(newX, newY);\r\n    }\r\n  }\r\n\r\n\r\n  \r\n\r\n  isValidPosition(x: number, y: number): boolean{\r\n    return x >= 0 && y >= 0 && x < 8 && y < 8\r\n  }\r\n  \r\n  canPieceBePlayed(chessPiece: ChessPiece): boolean{\r\n    return (this.whiteToMove && chessPiece.color == \"white\") || (!this.whiteToMove && chessPiece.color == \"black\")\r\n  }\r\n}"]},"_coverageSchema":"1a1c01bbd47fc00a2c39e90264f33305004495a9","hash":"6297bbc35e0bbf1a4ae2a005d2ae6efb4445200b"},"C:\\Users\\Max\\Desktop\\Coding\\WebChess\\src\\ChessPiece.ts":{"path":"C:\\Users\\Max\\Desktop\\Coding\\WebChess\\src\\ChessPiece.ts","statementMap":{"0":{"start":{"line":2,"column":22},"end":{"line":4,"column":1}},"1":{"start":{"line":3,"column":4},"end":{"line":3,"column":62}},"2":{"start":{"line":5,"column":0},"end":{"line":5,"column":62}},"3":{"start":{"line":6,"column":20},"end":{"line":6,"column":59}},"4":{"start":{"line":7,"column":14},"end":{"line":7,"column":47}},"5":{"start":{"line":8,"column":25},"end":{"line":8,"column":69}},"6":{"start":{"line":9,"column":15},"end":{"line":9,"column":49}},"7":{"start":{"line":10,"column":16},"end":{"line":10,"column":51}},"8":{"start":{"line":13,"column":8},"end":{"line":13,"column":43}},"9":{"start":{"line":14,"column":8},"end":{"line":14,"column":25}},"10":{"start":{"line":15,"column":8},"end":{"line":15,"column":27}},"11":{"start":{"line":16,"column":8},"end":{"line":16,"column":108}},"12":{"start":{"line":17,"column":8},"end":{"line":17,"column":23}},"13":{"start":{"line":20,"column":8},"end":{"line":21,"column":25}},"14":{"start":{"line":21,"column":12},"end":{"line":21,"column":25}},"15":{"start":{"line":22,"column":22},"end":{"line":22,"column":26}},"16":{"start":{"line":23,"column":8},"end":{"line":24,"column":59}},"17":{"start":{"line":24,"column":12},"end":{"line":24,"column":59}},"18":{"start":{"line":25,"column":8},"end":{"line":26,"column":57}},"19":{"start":{"line":26,"column":12},"end":{"line":26,"column":57}},"20":{"start":{"line":27,"column":8},"end":{"line":28,"column":59}},"21":{"start":{"line":28,"column":12},"end":{"line":28,"column":59}},"22":{"start":{"line":29,"column":8},"end":{"line":29,"column":23}},"23":{"start":{"line":32,"column":8},"end":{"line":40,"column":9}},"24":{"start":{"line":33,"column":22},"end":{"line":33,"column":36}},"25":{"start":{"line":34,"column":22},"end":{"line":34,"column":38}},"26":{"start":{"line":35,"column":22},"end":{"line":35,"column":38}},"27":{"start":{"line":36,"column":22},"end":{"line":36,"column":36}},"28":{"start":{"line":37,"column":22},"end":{"line":37,"column":37}},"29":{"start":{"line":38,"column":22},"end":{"line":38,"column":36}},"30":{"start":{"line":39,"column":21},"end":{"line":39,"column":43}},"31":{"start":{"line":43,"column":8},"end":{"line":46,"column":9}},"32":{"start":{"line":44,"column":27},"end":{"line":44,"column":38}},"33":{"start":{"line":45,"column":21},"end":{"line":45,"column":62}},"34":{"start":{"line":49,"column":8},"end":{"line":49,"column":57}},"35":{"start":{"line":52,"column":8},"end":{"line":52,"column":27}},"36":{"start":{"line":53,"column":8},"end":{"line":53,"column":24}},"37":{"start":{"line":56,"column":20},"end":{"line":56,"column":22}},"38":{"start":{"line":57,"column":16},"end":{"line":57,"column":26}},"39":{"start":{"line":57,"column":32},"end":{"line":57,"column":42}},"40":{"start":{"line":58,"column":8},"end":{"line":144,"column":9}},"41":{"start":{"line":59,"column":22},"end":{"line":59,"column":52}},"42":{"start":{"line":60,"column":33},"end":{"line":60,"column":103}},"43":{"start":{"line":61,"column":12},"end":{"line":73,"column":13}},"44":{"start":{"line":62,"column":27},"end":{"line":62,"column":57}},"45":{"start":{"line":63,"column":16},"end":{"line":67,"column":17}},"46":{"start":{"line":64,"column":20},"end":{"line":66,"column":23}},"47":{"start":{"line":65,"column":24},"end":{"line":65,"column":88}},"48":{"start":{"line":68,"column":16},"end":{"line":68,"column":33}},"49":{"start":{"line":69,"column":50},"end":{"line":69,"column":120}},"50":{"start":{"line":70,"column":16},"end":{"line":72,"column":17}},"51":{"start":{"line":71,"column":20},"end":{"line":71,"column":67}},"52":{"start":{"line":74,"column":25},"end":{"line":74,"column":30}},"53":{"start":{"line":75,"column":12},"end":{"line":89,"column":13}},"54":{"start":{"line":76,"column":42},"end":{"line":76,"column":108}},"55":{"start":{"line":77,"column":16},"end":{"line":88,"column":17}},"56":{"start":{"line":78,"column":39},"end":{"line":78,"column":74}},"57":{"start":{"line":79,"column":20},"end":{"line":83,"column":21}},"58":{"start":{"line":80,"column":24},"end":{"line":82,"column":27}},"59":{"start":{"line":81,"column":28},"end":{"line":81,"column":97}},"60":{"start":{"line":84,"column":20},"end":{"line":84,"column":45}},"61":{"start":{"line":86,"column":21},"end":{"line":88,"column":17}},"62":{"start":{"line":87,"column":20},"end":{"line":87,"column":67}},"63":{"start":{"line":90,"column":24},"end":{"line":90,"column":29}},"64":{"start":{"line":91,"column":12},"end":{"line":105,"column":13}},"65":{"start":{"line":92,"column":42},"end":{"line":92,"column":107}},"66":{"start":{"line":93,"column":16},"end":{"line":104,"column":17}},"67":{"start":{"line":94,"column":38},"end":{"line":94,"column":72}},"68":{"start":{"line":95,"column":20},"end":{"line":99,"column":21}},"69":{"start":{"line":96,"column":24},"end":{"line":98,"column":27}},"70":{"start":{"line":97,"column":28},"end":{"line":97,"column":96}},"71":{"start":{"line":100,"column":20},"end":{"line":100,"column":44}},"72":{"start":{"line":102,"column":21},"end":{"line":104,"column":17}},"73":{"start":{"line":103,"column":20},"end":{"line":103,"column":66}},"74":{"start":{"line":107,"column":13},"end":{"line":144,"column":9}},"75":{"start":{"line":108,"column":12},"end":{"line":111,"column":70}},"76":{"start":{"line":113,"column":13},"end":{"line":144,"column":9}},"77":{"start":{"line":114,"column":12},"end":{"line":114,"column":99}},"78":{"start":{"line":116,"column":13},"end":{"line":144,"column":9}},"79":{"start":{"line":117,"column":12},"end":{"line":117,"column":96}},"80":{"start":{"line":119,"column":13},"end":{"line":144,"column":9}},"81":{"start":{"line":120,"column":12},"end":{"line":120,"column":90}},"82":{"start":{"line":122,"column":13},"end":{"line":144,"column":9}},"83":{"start":{"line":123,"column":12},"end":{"line":126,"column":69}},"84":{"start":{"line":127,"column":12},"end":{"line":143,"column":13}},"85":{"start":{"line":128,"column":40},"end":{"line":128,"column":69}},"86":{"start":{"line":129,"column":31},"end":{"line":129,"column":67}},"87":{"start":{"line":130,"column":32},"end":{"line":130,"column":68}},"88":{"start":{"line":131,"column":36},"end":{"line":131,"column":87}},"89":{"start":{"line":132,"column":16},"end":{"line":136,"column":17}},"90":{"start":{"line":133,"column":20},"end":{"line":135,"column":21}},"91":{"start":{"line":134,"column":24},"end":{"line":134,"column":137}},"92":{"start":{"line":134,"column":99},"end":{"line":134,"column":134}},"93":{"start":{"line":137,"column":37},"end":{"line":137,"column":89}},"94":{"start":{"line":138,"column":16},"end":{"line":142,"column":17}},"95":{"start":{"line":139,"column":20},"end":{"line":141,"column":21}},"96":{"start":{"line":140,"column":24},"end":{"line":140,"column":138}},"97":{"start":{"line":140,"column":99},"end":{"line":140,"column":135}},"98":{"start":{"line":146,"column":8},"end":{"line":178,"column":9}},"99":{"start":{"line":147,"column":23},"end":{"line":147,"column":48}},"100":{"start":{"line":148,"column":12},"end":{"line":177,"column":13}},"101":{"start":{"line":149,"column":16},"end":{"line":149,"column":67}},"102":{"start":{"line":152,"column":28},"end":{"line":152,"column":38}},"103":{"start":{"line":153,"column":28},"end":{"line":153,"column":38}},"104":{"start":{"line":154,"column":33},"end":{"line":154,"column":35}},"105":{"start":{"line":155,"column":16},"end":{"line":175,"column":17}},"106":{"start":{"line":156,"column":37},"end":{"line":156,"column":67}},"107":{"start":{"line":157,"column":20},"end":{"line":157,"column":58}},"108":{"start":{"line":158,"column":36},"end":{"line":158,"column":40}},"109":{"start":{"line":159,"column":20},"end":{"line":168,"column":21}},"110":{"start":{"line":160,"column":24},"end":{"line":161,"column":34}},"111":{"start":{"line":161,"column":28},"end":{"line":161,"column":34}},"112":{"start":{"line":162,"column":24},"end":{"line":167,"column":25}},"113":{"start":{"line":163,"column":28},"end":{"line":166,"column":29}},"114":{"start":{"line":164,"column":32},"end":{"line":164,"column":50}},"115":{"start":{"line":165,"column":32},"end":{"line":165,"column":38}},"116":{"start":{"line":169,"column":20},"end":{"line":170,"column":46}},"117":{"start":{"line":170,"column":24},"end":{"line":170,"column":46}},"118":{"start":{"line":172,"column":20},"end":{"line":172,"column":56}},"119":{"start":{"line":173,"column":20},"end":{"line":174,"column":106}},"120":{"start":{"line":174,"column":24},"end":{"line":174,"column":106}},"121":{"start":{"line":176,"column":16},"end":{"line":176,"column":35}},"122":{"start":{"line":179,"column":8},"end":{"line":179,"column":21}},"123":{"start":{"line":182,"column":20},"end":{"line":182,"column":22}},"124":{"start":{"line":183,"column":22},"end":{"line":183,"column":75}},"125":{"start":{"line":184,"column":8},"end":{"line":192,"column":9}},"126":{"start":{"line":185,"column":26},"end":{"line":185,"column":58}},"127":{"start":{"line":186,"column":12},"end":{"line":191,"column":13}},"128":{"start":{"line":187,"column":28},"end":{"line":187,"column":64}},"129":{"start":{"line":188,"column":16},"end":{"line":190,"column":17}},"130":{"start":{"line":189,"column":20},"end":{"line":189,"column":40}},"131":{"start":{"line":193,"column":8},"end":{"line":193,"column":21}},"132":{"start":{"line":196,"column":0},"end":{"line":196,"column":29}}},"fnMap":{"0":{"name":"(anonymous_0)","decl":{"start":{"line":2,"column":56},"end":{"line":2,"column":57}},"loc":{"start":{"line":2,"column":71},"end":{"line":4,"column":1}},"line":2},"1":{"name":"(anonymous_1)","decl":{"start":{"line":12,"column":4},"end":{"line":12,"column":5}},"loc":{"start":{"line":12,"column":29},"end":{"line":18,"column":5}},"line":12},"2":{"name":"(anonymous_2)","decl":{"start":{"line":19,"column":4},"end":{"line":19,"column":5}},"loc":{"start":{"line":19,"column":51},"end":{"line":30,"column":5}},"line":19},"3":{"name":"(anonymous_3)","decl":{"start":{"line":31,"column":4},"end":{"line":31,"column":5}},"loc":{"start":{"line":31,"column":35},"end":{"line":41,"column":5}},"line":31},"4":{"name":"(anonymous_4)","decl":{"start":{"line":42,"column":4},"end":{"line":42,"column":5}},"loc":{"start":{"line":42,"column":38},"end":{"line":47,"column":5}},"line":42},"5":{"name":"(anonymous_5)","decl":{"start":{"line":48,"column":4},"end":{"line":48,"column":5}},"loc":{"start":{"line":48,"column":15},"end":{"line":50,"column":5}},"line":48},"6":{"name":"(anonymous_6)","decl":{"start":{"line":51,"column":4},"end":{"line":51,"column":5}},"loc":{"start":{"line":51,"column":15},"end":{"line":54,"column":5}},"line":51},"7":{"name":"(anonymous_7)","decl":{"start":{"line":55,"column":4},"end":{"line":55,"column":5}},"loc":{"start":{"line":55,"column":43},"end":{"line":180,"column":5}},"line":55},"8":{"name":"(anonymous_8)","decl":{"start":{"line":64,"column":38},"end":{"line":64,"column":39}},"loc":{"start":{"line":64,"column":44},"end":{"line":66,"column":21}},"line":64},"9":{"name":"(anonymous_9)","decl":{"start":{"line":80,"column":50},"end":{"line":80,"column":51}},"loc":{"start":{"line":80,"column":56},"end":{"line":82,"column":25}},"line":80},"10":{"name":"(anonymous_10)","decl":{"start":{"line":96,"column":49},"end":{"line":96,"column":50}},"loc":{"start":{"line":96,"column":55},"end":{"line":98,"column":25}},"line":96},"11":{"name":"(anonymous_11)","decl":{"start":{"line":134,"column":93},"end":{"line":134,"column":94}},"loc":{"start":{"line":134,"column":99},"end":{"line":134,"column":134}},"line":134},"12":{"name":"(anonymous_12)","decl":{"start":{"line":140,"column":93},"end":{"line":140,"column":94}},"loc":{"start":{"line":140,"column":99},"end":{"line":140,"column":135}},"line":140},"13":{"name":"(anonymous_13)","decl":{"start":{"line":181,"column":4},"end":{"line":181,"column":5}},"loc":{"start":{"line":181,"column":51},"end":{"line":194,"column":5}},"line":181}},"branchMap":{"0":{"loc":{"start":{"line":2,"column":22},"end":{"line":4,"column":1}},"type":"binary-expr","locations":[{"start":{"line":2,"column":23},"end":{"line":2,"column":27}},{"start":{"line":2,"column":31},"end":{"line":2,"column":51}},{"start":{"line":2,"column":56},"end":{"line":4,"column":1}}],"line":2},"1":{"loc":{"start":{"line":3,"column":11},"end":{"line":3,"column":61}},"type":"cond-expr","locations":[{"start":{"line":3,"column":37},"end":{"line":3,"column":40}},{"start":{"line":3,"column":43},"end":{"line":3,"column":61}}],"line":3},"2":{"loc":{"start":{"line":3,"column":12},"end":{"line":3,"column":33}},"type":"binary-expr","locations":[{"start":{"line":3,"column":12},"end":{"line":3,"column":15}},{"start":{"line":3,"column":19},"end":{"line":3,"column":33}}],"line":3},"3":{"loc":{"start":{"line":20,"column":8},"end":{"line":21,"column":25}},"type":"if","locations":[{"start":{"line":20,"column":8},"end":{"line":21,"column":25}},{"start":{"line":20,"column":8},"end":{"line":21,"column":25}}],"line":20},"4":{"loc":{"start":{"line":23,"column":8},"end":{"line":24,"column":59}},"type":"if","locations":[{"start":{"line":23,"column":8},"end":{"line":24,"column":59}},{"start":{"line":23,"column":8},"end":{"line":24,"column":59}}],"line":23},"5":{"loc":{"start":{"line":24,"column":22},"end":{"line":24,"column":58}},"type":"binary-expr","locations":[{"start":{"line":24,"column":22},"end":{"line":24,"column":29}},{"start":{"line":24,"column":33},"end":{"line":24,"column":58}}],"line":24},"6":{"loc":{"start":{"line":25,"column":8},"end":{"line":26,"column":57}},"type":"if","locations":[{"start":{"line":25,"column":8},"end":{"line":26,"column":57}},{"start":{"line":25,"column":8},"end":{"line":26,"column":57}}],"line":25},"7":{"loc":{"start":{"line":26,"column":22},"end":{"line":26,"column":56}},"type":"binary-expr","locations":[{"start":{"line":26,"column":22},"end":{"line":26,"column":29}},{"start":{"line":26,"column":33},"end":{"line":26,"column":56}}],"line":26},"8":{"loc":{"start":{"line":27,"column":8},"end":{"line":28,"column":59}},"type":"if","locations":[{"start":{"line":27,"column":8},"end":{"line":28,"column":59}},{"start":{"line":27,"column":8},"end":{"line":28,"column":59}}],"line":27},"9":{"loc":{"start":{"line":28,"column":22},"end":{"line":28,"column":58}},"type":"binary-expr","locations":[{"start":{"line":28,"column":22},"end":{"line":28,"column":29}},{"start":{"line":28,"column":33},"end":{"line":28,"column":58}}],"line":28},"10":{"loc":{"start":{"line":32,"column":8},"end":{"line":40,"column":9}},"type":"switch","locations":[{"start":{"line":33,"column":12},"end":{"line":33,"column":36}},{"start":{"line":34,"column":12},"end":{"line":34,"column":38}},{"start":{"line":35,"column":12},"end":{"line":35,"column":38}},{"start":{"line":36,"column":12},"end":{"line":36,"column":36}},{"start":{"line":37,"column":12},"end":{"line":37,"column":37}},{"start":{"line":38,"column":12},"end":{"line":38,"column":36}},{"start":{"line":39,"column":12},"end":{"line":39,"column":43}}],"line":32},"11":{"loc":{"start":{"line":43,"column":8},"end":{"line":46,"column":9}},"type":"switch","locations":[{"start":{"line":44,"column":12},"end":{"line":44,"column":38}},{"start":{"line":45,"column":12},"end":{"line":45,"column":62}}],"line":43},"12":{"loc":{"start":{"line":55,"column":20},"end":{"line":55,"column":41}},"type":"default-arg","locations":[{"start":{"line":55,"column":37},"end":{"line":55,"column":41}}],"line":55},"13":{"loc":{"start":{"line":58,"column":8},"end":{"line":144,"column":9}},"type":"if","locations":[{"start":{"line":58,"column":8},"end":{"line":144,"column":9}},{"start":{"line":58,"column":8},"end":{"line":144,"column":9}}],"line":58},"14":{"loc":{"start":{"line":59,"column":22},"end":{"line":59,"column":52}},"type":"cond-expr","locations":[{"start":{"line":59,"column":46},"end":{"line":59,"column":48}},{"start":{"line":59,"column":51},"end":{"line":59,"column":52}}],"line":59},"15":{"loc":{"start":{"line":60,"column":33},"end":{"line":60,"column":103}},"type":"binary-expr","locations":[{"start":{"line":60,"column":34},"end":{"line":60,"column":55}},{"start":{"line":60,"column":59},"end":{"line":60,"column":65}},{"start":{"line":60,"column":71},"end":{"line":60,"column":92}},{"start":{"line":60,"column":96},"end":{"line":60,"column":102}}],"line":60},"16":{"loc":{"start":{"line":61,"column":12},"end":{"line":73,"column":13}},"type":"if","locations":[{"start":{"line":61,"column":12},"end":{"line":73,"column":13}},{"start":{"line":61,"column":12},"end":{"line":73,"column":13}}],"line":61},"17":{"loc":{"start":{"line":63,"column":16},"end":{"line":67,"column":17}},"type":"if","locations":[{"start":{"line":63,"column":16},"end":{"line":67,"column":17}},{"start":{"line":63,"column":16},"end":{"line":67,"column":17}}],"line":63},"18":{"loc":{"start":{"line":69,"column":50},"end":{"line":69,"column":120}},"type":"binary-expr","locations":[{"start":{"line":69,"column":51},"end":{"line":69,"column":72}},{"start":{"line":69,"column":76},"end":{"line":69,"column":82}},{"start":{"line":69,"column":88},"end":{"line":69,"column":109}},{"start":{"line":69,"column":113},"end":{"line":69,"column":119}}],"line":69},"19":{"loc":{"start":{"line":70,"column":16},"end":{"line":72,"column":17}},"type":"if","locations":[{"start":{"line":70,"column":16},"end":{"line":72,"column":17}},{"start":{"line":70,"column":16},"end":{"line":72,"column":17}}],"line":70},"20":{"loc":{"start":{"line":70,"column":20},"end":{"line":70,"column":94}},"type":"binary-expr","locations":[{"start":{"line":70,"column":20},"end":{"line":70,"column":47}},{"start":{"line":70,"column":51},"end":{"line":70,"column":94}}],"line":70},"21":{"loc":{"start":{"line":75,"column":12},"end":{"line":89,"column":13}},"type":"if","locations":[{"start":{"line":75,"column":12},"end":{"line":89,"column":13}},{"start":{"line":75,"column":12},"end":{"line":89,"column":13}}],"line":75},"22":{"loc":{"start":{"line":77,"column":16},"end":{"line":88,"column":17}},"type":"if","locations":[{"start":{"line":77,"column":16},"end":{"line":88,"column":17}},{"start":{"line":77,"column":16},"end":{"line":88,"column":17}}],"line":77},"23":{"loc":{"start":{"line":79,"column":20},"end":{"line":83,"column":21}},"type":"if","locations":[{"start":{"line":79,"column":20},"end":{"line":83,"column":21}},{"start":{"line":79,"column":20},"end":{"line":83,"column":21}}],"line":79},"24":{"loc":{"start":{"line":86,"column":21},"end":{"line":88,"column":17}},"type":"if","locations":[{"start":{"line":86,"column":21},"end":{"line":88,"column":17}},{"start":{"line":86,"column":21},"end":{"line":88,"column":17}}],"line":86},"25":{"loc":{"start":{"line":86,"column":25},"end":{"line":86,"column":157}},"type":"binary-expr","locations":[{"start":{"line":86,"column":25},"end":{"line":86,"column":48}},{"start":{"line":86,"column":52},"end":{"line":86,"column":93}},{"start":{"line":86,"column":97},"end":{"line":86,"column":157}}],"line":86},"26":{"loc":{"start":{"line":91,"column":12},"end":{"line":105,"column":13}},"type":"if","locations":[{"start":{"line":91,"column":12},"end":{"line":105,"column":13}},{"start":{"line":91,"column":12},"end":{"line":105,"column":13}}],"line":91},"27":{"loc":{"start":{"line":93,"column":16},"end":{"line":104,"column":17}},"type":"if","locations":[{"start":{"line":93,"column":16},"end":{"line":104,"column":17}},{"start":{"line":93,"column":16},"end":{"line":104,"column":17}}],"line":93},"28":{"loc":{"start":{"line":95,"column":20},"end":{"line":99,"column":21}},"type":"if","locations":[{"start":{"line":95,"column":20},"end":{"line":99,"column":21}},{"start":{"line":95,"column":20},"end":{"line":99,"column":21}}],"line":95},"29":{"loc":{"start":{"line":102,"column":21},"end":{"line":104,"column":17}},"type":"if","locations":[{"start":{"line":102,"column":21},"end":{"line":104,"column":17}},{"start":{"line":102,"column":21},"end":{"line":104,"column":17}}],"line":102},"30":{"loc":{"start":{"line":102,"column":25},"end":{"line":102,"column":155}},"type":"binary-expr","locations":[{"start":{"line":102,"column":25},"end":{"line":102,"column":48}},{"start":{"line":102,"column":52},"end":{"line":102,"column":92}},{"start":{"line":102,"column":96},"end":{"line":102,"column":155}}],"line":102},"31":{"loc":{"start":{"line":107,"column":13},"end":{"line":144,"column":9}},"type":"if","locations":[{"start":{"line":107,"column":13},"end":{"line":144,"column":9}},{"start":{"line":107,"column":13},"end":{"line":144,"column":9}}],"line":107},"32":{"loc":{"start":{"line":113,"column":13},"end":{"line":144,"column":9}},"type":"if","locations":[{"start":{"line":113,"column":13},"end":{"line":144,"column":9}},{"start":{"line":113,"column":13},"end":{"line":144,"column":9}}],"line":113},"33":{"loc":{"start":{"line":116,"column":13},"end":{"line":144,"column":9}},"type":"if","locations":[{"start":{"line":116,"column":13},"end":{"line":144,"column":9}},{"start":{"line":116,"column":13},"end":{"line":144,"column":9}}],"line":116},"34":{"loc":{"start":{"line":119,"column":13},"end":{"line":144,"column":9}},"type":"if","locations":[{"start":{"line":119,"column":13},"end":{"line":144,"column":9}},{"start":{"line":119,"column":13},"end":{"line":144,"column":9}}],"line":119},"35":{"loc":{"start":{"line":122,"column":13},"end":{"line":144,"column":9}},"type":"if","locations":[{"start":{"line":122,"column":13},"end":{"line":144,"column":9}},{"start":{"line":122,"column":13},"end":{"line":144,"column":9}}],"line":122},"36":{"loc":{"start":{"line":127,"column":12},"end":{"line":143,"column":13}},"type":"if","locations":[{"start":{"line":127,"column":12},"end":{"line":143,"column":13}},{"start":{"line":127,"column":12},"end":{"line":143,"column":13}}],"line":127},"37":{"loc":{"start":{"line":128,"column":40},"end":{"line":128,"column":69}},"type":"cond-expr","locations":[{"start":{"line":128,"column":64},"end":{"line":128,"column":65}},{"start":{"line":128,"column":68},"end":{"line":128,"column":69}}],"line":128},"38":{"loc":{"start":{"line":132,"column":16},"end":{"line":136,"column":17}},"type":"if","locations":[{"start":{"line":132,"column":16},"end":{"line":136,"column":17}},{"start":{"line":132,"column":16},"end":{"line":136,"column":17}}],"line":132},"39":{"loc":{"start":{"line":132,"column":20},"end":{"line":132,"column":68}},"type":"binary-expr","locations":[{"start":{"line":132,"column":20},"end":{"line":132,"column":28}},{"start":{"line":132,"column":32},"end":{"line":132,"column":45}},{"start":{"line":132,"column":49},"end":{"line":132,"column":68}}],"line":132},"40":{"loc":{"start":{"line":133,"column":20},"end":{"line":135,"column":21}},"type":"if","locations":[{"start":{"line":133,"column":20},"end":{"line":135,"column":21}},{"start":{"line":133,"column":20},"end":{"line":135,"column":21}}],"line":133},"41":{"loc":{"start":{"line":133,"column":24},"end":{"line":133,"column":120}},"type":"binary-expr","locations":[{"start":{"line":133,"column":24},"end":{"line":133,"column":70}},{"start":{"line":133,"column":74},"end":{"line":133,"column":120}}],"line":133},"42":{"loc":{"start":{"line":138,"column":16},"end":{"line":142,"column":17}},"type":"if","locations":[{"start":{"line":138,"column":16},"end":{"line":142,"column":17}},{"start":{"line":138,"column":16},"end":{"line":142,"column":17}}],"line":138},"43":{"loc":{"start":{"line":138,"column":20},"end":{"line":138,"column":71}},"type":"binary-expr","locations":[{"start":{"line":138,"column":20},"end":{"line":138,"column":29}},{"start":{"line":138,"column":33},"end":{"line":138,"column":47}},{"start":{"line":138,"column":51},"end":{"line":138,"column":71}}],"line":138},"44":{"loc":{"start":{"line":139,"column":20},"end":{"line":141,"column":21}},"type":"if","locations":[{"start":{"line":139,"column":20},"end":{"line":141,"column":21}},{"start":{"line":139,"column":20},"end":{"line":141,"column":21}}],"line":139},"45":{"loc":{"start":{"line":139,"column":24},"end":{"line":139,"column":170}},"type":"binary-expr","locations":[{"start":{"line":139,"column":24},"end":{"line":139,"column":70}},{"start":{"line":139,"column":74},"end":{"line":139,"column":120}},{"start":{"line":139,"column":124},"end":{"line":139,"column":170}}],"line":139},"46":{"loc":{"start":{"line":146,"column":8},"end":{"line":178,"column":9}},"type":"if","locations":[{"start":{"line":146,"column":8},"end":{"line":178,"column":9}},{"start":{"line":146,"column":8},"end":{"line":178,"column":9}}],"line":146},"47":{"loc":{"start":{"line":148,"column":12},"end":{"line":177,"column":13}},"type":"if","locations":[{"start":{"line":148,"column":12},"end":{"line":177,"column":13}},{"start":{"line":148,"column":12},"end":{"line":177,"column":13}}],"line":148},"48":{"loc":{"start":{"line":160,"column":24},"end":{"line":161,"column":34}},"type":"if","locations":[{"start":{"line":160,"column":24},"end":{"line":161,"column":34}},{"start":{"line":160,"column":24},"end":{"line":161,"column":34}}],"line":160},"49":{"loc":{"start":{"line":163,"column":28},"end":{"line":166,"column":29}},"type":"if","locations":[{"start":{"line":163,"column":28},"end":{"line":166,"column":29}},{"start":{"line":163,"column":28},"end":{"line":166,"column":29}}],"line":163},"50":{"loc":{"start":{"line":163,"column":32},"end":{"line":163,"column":76}},"type":"binary-expr","locations":[{"start":{"line":163,"column":32},"end":{"line":163,"column":52}},{"start":{"line":163,"column":56},"end":{"line":163,"column":76}}],"line":163},"51":{"loc":{"start":{"line":169,"column":20},"end":{"line":170,"column":46}},"type":"if","locations":[{"start":{"line":169,"column":20},"end":{"line":170,"column":46}},{"start":{"line":169,"column":20},"end":{"line":170,"column":46}}],"line":169},"52":{"loc":{"start":{"line":173,"column":20},"end":{"line":174,"column":106}},"type":"if","locations":[{"start":{"line":173,"column":20},"end":{"line":174,"column":106}},{"start":{"line":173,"column":20},"end":{"line":174,"column":106}}],"line":173},"53":{"loc":{"start":{"line":186,"column":12},"end":{"line":191,"column":13}},"type":"if","locations":[{"start":{"line":186,"column":12},"end":{"line":191,"column":13}},{"start":{"line":186,"column":12},"end":{"line":191,"column":13}}],"line":186},"54":{"loc":{"start":{"line":188,"column":16},"end":{"line":190,"column":17}},"type":"if","locations":[{"start":{"line":188,"column":16},"end":{"line":190,"column":17}},{"start":{"line":188,"column":16},"end":{"line":190,"column":17}}],"line":188}},"s":{"0":1,"1":5,"2":1,"3":1,"4":1,"5":1,"6":1,"7":1,"8":171637,"9":171637,"10":171637,"11":171637,"12":171637,"13":77664554,"14":29509176,"15":48155378,"16":48155378,"17":48155378,"18":48155378,"19":10897012,"20":48155378,"21":0,"22":48155378,"23":32,"24":16,"25":4,"26":4,"27":4,"28":2,"29":2,"30":0,"31":0,"32":0,"33":0,"34":0,"35":21184948,"36":21184948,"37":88220361,"38":88220361,"39":88220361,"40":88220361,"41":44073563,"42":44073563,"43":44073563,"44":41593491,"45":41593491,"46":0,"47":0,"48":41593491,"49":41593491,"50":41593491,"51":33705923,"52":44073563,"53":44073563,"54":38565761,"55":38565761,"56":586579,"57":586579,"58":0,"59":0,"60":586579,"61":37979182,"62":0,"63":44073563,"64":44073563,"65":38560558,"66":38560558,"67":588607,"68":588607,"69":0,"70":0,"71":588607,"72":37971951,"73":0,"74":44146798,"75":11030638,"76":33116160,"77":11035683,"78":22080477,"79":5519449,"80":16561028,"81":11040504,"82":5520524,"83":5520524,"84":5520524,"85":5510491,"86":5510491,"87":5510491,"88":5510491,"89":5510491,"90":333555,"91":0,"92":0,"93":5510491,"94":5510491,"95":626158,"96":0,"97":0,"98":88220361,"99":3460276,"100":3460276,"101":0,"102":3460276,"103":3460276,"104":3460276,"105":3460276,"106":5304155,"107":5304155,"108":5304155,"109":5304155,"110":84760465,"111":380,"112":84760085,"113":130859778,"114":15836,"115":15836,"116":5304155,"117":5288319,"118":5304155,"119":5304155,"120":85890,"121":3460276,"122":88220361,"123":16551162,"124":16551162,"125":16551162,"126":132409296,"127":132409296,"128":66643572,"129":66643572,"130":30013116,"131":16551162,"132":1},"f":{"0":5,"1":171637,"2":77664554,"3":32,"4":0,"5":0,"6":21184948,"7":88220361,"8":0,"9":0,"10":0,"11":0,"12":0,"13":16551162},"b":{"0":[1,1,1],"1":[5,0],"2":[5,5],"3":[29509176,48155378],"4":[48155378,0],"5":[48155378,48155378],"6":[10897012,37258366],"7":[10897012,10896662],"8":[0,48155378],"9":[0,0],"10":[16,4,4,4,2,2,0],"11":[0,0],"12":[3460276],"13":[44073563,44146798],"14":[4760909,39312654],"15":[44073563,4760909,44073563,39312654],"16":[41593491,2480072],"17":[0,41593491],"18":[41593491,4519353,37882553,37074138],"19":[33705923,7887568],"20":[41593491,34336142],"21":[38565761,5507802],"22":[586579,37979182],"23":[0,586579],"24":[0,37979182],"25":[37979182,0,0],"26":[38560558,5513005],"27":[588607,37971951],"28":[0,588607],"29":[0,37971951],"30":[37971951,0,0],"31":[11030638,33116160],"32":[11035683,22080477],"33":[5519449,16561028],"34":[11040504,5520524],"35":[5520524,0],"36":[5510491,10033],"37":[594924,4915567],"38":[333555,5176936],"39":[5510491,5448478,5448320],"40":[0,333555],"41":[333555,14448],"42":[626158,4884333],"43":[5510491,5448534,5448342],"44":[0,626158],"45":[626158,28458,0],"46":[3460276,84760085],"47":[0,3460276],"48":[380,84760085],"49":[15836,130843942],"50":[130859778,15996829],"51":[5288319,15836],"52":[85890,5218265],"53":[66643572,65765724],"54":[30013116,36630456]},"inputSourceMap":{"version":3,"file":"C:/Users/Max/Desktop/Coding/WebChess/src/ChessPiece.ts","sources":["C:/Users/Max/Desktop/Coding/WebChess/src/ChessPiece.ts"],"names":[],"mappings":";;;;;AACA,4DAAmC;AACnC,gDAAuB;AACvB,sEAA8C;AAC9C,kDAA0B;AAC1B,oDAA4B;AAK5B,MAAqB,UAAU;IAQ7B,YAAY,IAAe,EAAE,KAAiB;QAH9C,QAAG,GAAQ,IAAI,aAAG,CAAC,CAAC,EAAC,CAAC,CAAC,CAAC;QAItB,IAAI,CAAC,IAAI,GAAG,IAAI,CAAA;QAChB,IAAI,CAAC,KAAK,GAAG,KAAK,CAAA;QAClB,IAAI,CAAC,OAAO,GAAG,wBAAc,CAAC,WAAW,CAAC,KAAK,CAAC,WAAW,EAAE,GAAG,GAAG,GAAG,IAAI,CAAC,WAAW,EAAE,CAAC,CAAC;QAE1F,IAAI,CAAC,KAAK,GAAG,CAAC,CAAC;IACjB,CAAC;IAED,MAAM,CAAC,OAAO,CAAC,UAAkC,EAAE,KAAkB,EAAE,IAAgB,EAAE,KAAc;QACrG,IAAI,CAAC,UAAU;YACb,OAAO,KAAK,CAAC;QAEf,IAAI,OAAO,GAAG,IAAI,CAAC;QACnB,IAAI,KAAK;YAAE,OAAO,GAAG,OAAO,IAAI,UAAU,CAAC,KAAK,IAAI,KAAK,CAAA;QACzD,IAAI,IAAI;YAAE,OAAO,GAAG,OAAO,IAAI,UAAU,CAAC,IAAI,IAAI,IAAI,CAAA;QACtD,IAAI,KAAK;YAAE,OAAO,GAAG,OAAO,IAAI,UAAU,CAAC,KAAK,IAAI,KAAK,CAAA;QAEzD,OAAO,OAAO,CAAC;IACjB,CAAC;IAGD,MAAM,CAAC,eAAe,CAAC,MAAc;QACnC,QAAO,MAAM,CAAC,WAAW,EAAE,EAAC;YAC1B,KAAK,GAAG,CAAC,CAAC,OAAO,MAAM,CAAC;YACxB,KAAK,GAAG,CAAC,CAAC,OAAO,QAAQ,CAAC;YAC1B,KAAK,GAAG,CAAC,CAAC,OAAO,QAAQ,CAAC;YAC1B,KAAK,GAAG,CAAC,CAAC,OAAO,MAAM,CAAC;YACxB,KAAK,GAAG,CAAC,CAAC,OAAO,OAAO,CAAC;YACzB,KAAK,GAAG,CAAC,CAAC,OAAO,MAAM,CAAC;YACxB,OAAO,CAAC,CAAC,MAAM,eAAe,CAAC;SAChC;IACH,CAAC;IAED,MAAM,CAAC,eAAe,CAAC,SAAoB;QACzC,QAAO,SAAS,EAAC;YACf,KAAK,QAAQ,CAAC,CAAC,OAAO,GAAG,CAAC;YAC1B,OAAO,CAAC,CAAC,OAAO,SAAS,CAAC,WAAW,EAAE,CAAC,MAAM,CAAC,CAAC,CAAC,CAAC;SACnD;IACH,CAAC;IAG
[...]
ons":[{"start":{"line":29,"column":8},"end":{"line":34,"column":9}},{"start":{"line":29,"column":8},"end":{"line":34,"column":9}}],"line":29}},"s":{"0":1,"1":1,"2":1,"3":1,"4":0,"5":0,"6":0,"7":0,"8":0,"9":0,"10":0,"11":0,"12":0,"13":293238078,"14":0,"15":0,"16":0,"17":0,"18":0,"19":0,"20":1},"f":{"0":1,"1":0,"2":0,"3":0,"4":0,"5":293238078,"6":0,"7":0},"b":{"0":[1,1,1],"1":[1,0],"2":[1,1],"3":[293238078,274110779,187208578,172233356],"4":[0,0]},"inputSourceMap":{"version":3,"file":"C:/Users/Max/Desktop/Coding/WebChess/src/Utils.ts","sources":["C:/Users/Max/Desktop/Coding/WebChess/src/Utils.ts"],"names":[],"mappings":";;;;;AAAA,gDAAuB;AAEvB,MAAqB,KAAK;IACxB,MAAM,CAAC,KAAK,CAAC,MAAyB,EAAE,OAAiC;QACvE,KAAK,CAAC,QAAQ,CAAC,OAAO,EAAE,CAAC,EAAE,CAAC,EAAE,MAAM,CAAC,KAAK,EAAE,MAAM,CAAC,MAAM,EAAE,OAAO,CAAC,CAAC;IACtE,CAAC;IAED,MAAM,CAAC,QAAQ,CAAC,OAAiC,EAAE,CAAS,EAAE,CAAS,EAAE,KAAa,EAAE,MAAc,EAAE,KAAa;QACnH,OAAO,CAAC,SAAS,GAAG,KAAK,CAAC;QAC1B,OAAO,CAAC,QAAQ,CAAC,CAAC,EAAE,CAAC,EAAE,KAAK,EAAE,MAAM,CAAC,CAAC;IACxC,CAAC;IAED,MAAM,CAAC,MAAM,CAAC,OAAiC,EAAE,CAAS,EAAE,CAAS,EAAE,MAAc,EAAE,KAAa;QAClG,OAAO,CAAC,WAAW,GAAG,KAAK,CAAC;QAC5B,OAAO,CAAC,SAAS,EAAE,CAAC;QACpB,OAAO,CAAC,GAAG,CAAC,CAAC,EAAE,CAAC,EAAE,MAAM,EAAE,CAAC,EAAE,CAAC,GAAG,IAAI,CAAC,EAAE,CAAC,CAAC;QAC1C,OAAO,CAAC,MAAM,EAAE,CAAC;IACnB,CAAC;IAED,MAAM,CAAC,iBAAiB,CAAC,MAAyB,EAAE,KAAU;QAC5D,MAAM,IAAI,GAAG,MAAM,CAAC,qBAAqB,EAAE,CAAA;QAC3C,OAAO,IAAI,aAAG,CAAC,KAAK,CAAC,OAAO,GAAG,IAAI,CAAC,IAAI,EAAE,KAAK,CAAC,OAAO,GAAG,IAAI,CAAC,GAAG,CAAC,CAAA;IACrE,CAAC;IAED,MAAM,CAAC,eAAe,CAAC,CAAS,EAAE,CAAS;QACzC,OAAO,CAAC,IAAI,CAAC,IAAI,CAAC,IAAI,CAAC,IAAI,CAAC,GAAG,CAAC,IAAI,CAAC,GAAG,CAAC,CAAA;IAC3C,CAAC;IAED,MAAM,CAAC,UAAU,CAAC,CAAS,EAAE,CAAS;QACpC,IAAI,KAAK,CAAC,eAAe,CAAC,CAAC,EAAE,CAAC,CAAC,EAAC;YAC9B,OAAO,MAAM,CAAC,YAAY,CAAC,GAAG,CAAC,UAAU,CAAC,CAAC,CAAC,GAAG,CAAC,CAAC,GAAG,CAAC,CAAC,GAAG,CAAC,CAAC,CAAC;SAC7D;aAAI;YACH,OAAO,gBAAgB,CAAC,IAAI,CAAC,EAAE,CAAC;SACjC;IACH,CAAC;IAED,MAAM,CAAC,YAAY,CAAC,QAAgB;QAClC,IAAI,CAAC,GAAK,QAAQ,CAAC,UAAU,CAAC,CAAC,CAAC,GAAG,GAAG,CAAC,UAAU,CAAC,CAAC,CAAC,CAAC;QACrD,IAAI,CAAC,GAAG,CAAC,GAAG,CAAC,QAAQ,CAAC,QAAQ,CAAC,MAAM,CAAC,CAAC,CAAC,CAAC,CAAC,CAAC;QAE3C,OAAO,IAAI,aAAG,CAAC,CAAC,EAAE,CAAC,CAAC,CAAC;IACvB,CAAC;CACF;AAxCD,wBAwCC","sourcesContent":["import Pos from \"./Pos\"\r\n\r\nexport default class Utils{\r\n  static clear(canvas: HTMLCanvasElement, context: CanvasRenderingContext2D){\r\n    Utils.fillRect(context, 0, 0, canvas.width, canvas.height, \"white\");\r\n  }\r\n  \r\n  static fillRect(context: CanvasRenderingContext2D, x: number, y: number, width: number, height: number, color: string){\r\n    context.fillStyle = color;\r\n    context.fillRect(x, y, width, height);\r\n  }\r\n  \r\n  static circle(context: CanvasRenderingContext2D, x: number, y: number, radius: number, color: string){\r\n    context.strokeStyle = color;\r\n    context.beginPath();\r\n    context.arc(x, y, radius, 0, 2 * Math.PI);\r\n    context.stroke();\r\n  }\r\n\r\n  static getCursorPosition(canvas: HTMLCanvasElement, event: any): Pos {\r\n    const rect = canvas.getBoundingClientRect()\r\n    return new Pos(event.clientX - rect.left, event.clientY - rect.top)\r\n  }\r\n\r\n  static isValidPosition(x: number, y: number): boolean{\r\n    return x >= 0 && y >= 0 && x < 8 && y < 8\r\n  }\r\n\r\n  static toChessPos(x: number, y: number){\r\n    if (Utils.isValidPosition(x, y)){\r\n      return String.fromCharCode(\"A\".charCodeAt(0) + x) + (8 - y);\r\n    }else{\r\n      return `Invalid pos: ${x},${y}`;\r\n    }\r\n  }\r\n\r\n  static fromChessPos(chessPos: string): Pos{\r\n    let x =   chessPos.charCodeAt(0) - \"A\".charCodeAt(0);\r\n    let y = 8 - (parseInt(chessPos.charAt(1)));\r\n\r\n    return new Pos(x, y);\r\n  }\r\n}"]},"_coverageSchema":"1a1c01bbd47fc00a2c39e90264f33305004495a9","hash":"44c3f5e3f8981ebfa096d9d9be29a8e84b85d755"},"C:\\Users\\Max\\Desktop\\Coding\\WebChess\\src\\TextureHandler.ts":{"path":"C:\\Users\\Max\\Desktop\\Coding\\WebChess\\src\\TextureHandler.ts","statementMap":{"0":{"start":{"line":2,"column":16},"end":{"line":10,"column":1}},"1":{"start":{"line":3,"column":28},"end":{"line":3,"column":110}},"2":{"start":{"line":3,"column":91},"end":{"line":3,"column":106}},"3":{"start":{"line":4,"column":4},"end":{"line":9,"column":7}},"4":{"start":{"line":5,"column":36},"end":{"line":5,"column":97}},"5":{"start":{"line":5,"column":42},"end":{"line":5,"column":70}},"6":{"start":{"line":5,"column":85},"end":{"line":5,"column":95}},"7":{"start":{"line":6,"column":35},"end":{"line":6,"column":100}},"8":{"start":{"line":6,"column":41},"end":{"line":6,"column":73}},"9":{"start":{"line":6,"column":88},"end":{"line":6,"column":98}},"10":{"start":{"line":7,"column":32},"end":{"line":7,"column":116}},"11":{"start":{"line":8,"column":8},"end":{"line":8,"column":78}},"12":{"start":{"line":11,"column":0},"end":{"line":11,"column":62}},"13":{"start":{"line":14,"column":8},"end":{"line":33,"column":11}},"14":{"start":{"line":15,"column":32},"end":{"line":28,"column":14}},"15":{"start":{"line":29,"column":12},"end":{"line":29,"column":51}},"16":{"start":{"line":30,"column":12},"end":{"line":32,"column":13}},"17":{"start":{"line":31,"column":16},"end":{"line":31,"column":86}},"18":{"start":{"line":36,"column":8},"end":{"line":62,"column":11}},"19":{"start":{"line":37,"column":22},"end":{"line":60,"column":14}},"20":{"start":{"line":38,"column":26},"end":{"line":38,"column":37}},"21":{"start":{"line":39,"column":32},"end":{"line":39,"column":47}},"22":{"start":{"line":40,"column":31},"end":{"line":40,"column":84}},"23":{"start":{"line":41,"column":16},"end":{"line":46,"column":17}},"24":{"start":{"line":42,"column":20},"end":{"line":42,"column":171}},"25":{"start":{"line":45,"column":20},"end":{"line":45,"column":69}},"26":{"start":{"line":47,"column":16},"end":{"line":50,"column":18}},"27":{"start":{"line":48,"column":20},"end":{"line":48,"column":59}},"28":{"start":{"line":49,"column":20},"end":{"line":49,"column":33}},"29":{"start":{"line":51,"column":16},"end":{"line":53,"column":18}},"30":{"start":{"line":52,"column":20},"end":{"line":52,"column":58}},"31":{"start":{"line":54,"column":16},"end":{"line":56,"column":18}},"32":{"start":{"line":55,"column":20},"end":{"line":55,"column":41}},"33":{"start":{"line":57,"column":16},"end":{"line":59,"column":18}},"34":{"start":{"line":58,"column":20},"end":{"line":58,"column":44}},"35":{"start":{"line":61,"column":12},"end":{"line":61,"column":73}},"36":{"start":{"line":65,"column":0},"end":{"line":65,"column":33}},"37":{"start":{"line":66,"column":0},"end":{"line":66,"column":46}},"38":{"start":{"line":67,"column":0},"end":{"line":67,"column":32}}},"fnMap":{"0":{"name":"(anonymous_0)","decl":{"start":{"line":2,"column":44},"end":{"line":2,"column":45}},"loc":{"start":{"line":2,"column":89},"end":{"line":10,"column":1}},"line":2},"1":{"name":"adopt","decl":{"start":{"line":3,"column":13},"end":{"line":3,"column":18}},"loc":{"start":{"line":3,"column":26},"end":{"line":3,"column":112}},"line":3},"2":{"name":"(anonymous_2)","decl":{"start":{"line":3,"column":70},"end":{"line":3,"column":71}},"loc":{"start":{"line":3,"column":89},"end":{"line":3,"column":108}},"line":3},"3":{"name":"(anonymous_3)","decl":{"start":{"line":4,"column":36},"end":{"line":4,"column":37}},"loc":{"start":{"line":4,"column":63},"end":{"line":9,"column":5}},"line":4},"4":{"name":"fulfilled","decl":{"start":{"line":5,"column":17},"end":{"line":5,"column":26}},"loc":{"start":{"line":5,"column":34},"end":{"line":5,"column":99}},"line":5},"5":{"name":"rejected","decl":{"start":{"line":6,"column":17},"end":{"line":6,"column":25}},"loc":{"start":{"line":6,"column":33},"end":{"line":6,"column":102}},"line":6},"6":{"name":"step","decl":{"start":{"line":7,"column":17},"end":{"line":7,"column":21}},"loc":{"start":{"line":7,"column":30},"end":{"line":7,"column":118}},"line":7},"7":{"name":"(anonymous_7)","decl":{"start":{"line":13,"column":4},"end":{"line":13,"column":5}},"loc":{"start":{"line":13,"column":21},"end":{"line":34,"column":5}},"line":13},"8":{"name":"(anonymous_8)","decl":{"start":{"line":14,"column":47},"end":{"line":14,"column":48}},"loc":{"start":{"line":14,"column":60},"end":{"line":33,"column":9}},"line":14},"9":{"name":"(anonymous_9)","decl":{"start":{"line":35,"column":4},"end":{"line":35,"column":5}},"loc":{"start":{"line":35,"column":29},"end":{"line":63,"column":5}},"line":35},"10":{"name":"(anonymous_10)","decl":{"start":{"line":36,"column":47},"end":{"line":36,"column":48}},"loc":{"start":{"line":36,"column":60},"end":{"line":62,"column":9}},"line":36},"11":{"name":"(anonymous_11)","decl":{"start":{"line":37,"column":40},"end":{"line":37,"column":41}},"loc":{"start":{"line":37,"column":53},"end":{"line":60,"column":13}},"line":37},"12":{"name":"(anonymous_12)","decl":{"start":{"line":47,"column":29},"end":{"line":47,"column":30}},"loc":{"start":{"line":47,"column":41},"end":{"line":50,"column":17}},"line":47},"13":{"name":"(anonymous_13)","decl":{"start":{"line":51,"column":30},"end":{"line":51,"column":31}},"loc":{"start":{"line":51,"column":42},"end":{"line":53,"column":17}},"line":51},"14":{"name":"(anonymous_14)","decl":{"start":{"line":54,"column":30},"end":{"line":54,"column":31}},"loc":{"start":{"line":54,"column":42},"end":{"line":56,"column":17}},"line":54},"15":{"name":"(anonymous_15)","decl":{"start":{"line":57,"column":30},"end":{"line":57,"column":31}},"loc":{"start":{"line":57,"column":42},"end":{"line":59,"column":17}},"line":57}},"branchMap":{"0":{"loc":{"start":{"line":2,"column":16},"end":{"line":10,"column":1}},"type":"binary-expr","locations":[{"start":{"line":2,"column":17},"end":{"line":2,"column":21}},{"start":{"line":2,"column":25},"end":{"line":2,"column":39}},{"start":{"line":2,"column":44},"end":{"line":10,"column":1}}],"line":2},"1":{"loc":{"start":{"line":3,"column":35},"end":{"line":3,"column":109}},"type":"cond-expr","locations":[{"start":{"line":3,"column":56},"end":{"line":3,"column":61}},{"start":{"line":3,"column":64},"end":{"line":3,"column":109}}],"line":3},"2":{"loc":{"start":{"line":4,"column":16},"end":{"line":4,"column":34}},"type":"binary-expr","locations":[{"start":{"line":4,"column":16},"end":{"line":4,"column":17}},{"start":{"line":4,"column":22},"end":{"line":4,"column":33}}],"line":4},"3":{"loc":{"start":{"line":7,"column":32},"end":{"line":7,"column":115}},"type":"cond-expr","locations":[{"start":{"line":7,"column":46},"end":{"line":7,"column":67}},{"start":{"line":7,"column":70},"end":{"line":7,"column":115}}],"line":7},"4":{"loc":{"start":{"line":8,"column":51},"end":{"line":8,"column":67}},"type":"binary-expr","locations":[{"start":{"line":8,"column":51},"end":{"line":8,"column":61}},{"start":{"line":8,"column":65},"end":{"line":8,"column":67}}],"line":8},"5":{"loc":{"start":{"line":40,"column":31},"end":{"line":40,"column":84}},"type":"cond-expr","locations":[{"start":{"line":40,"column":50},"end":{"line":40,"column":53}},{"start":{"line":40,"column":56},"end":{"line":40,"column":84}}],"line":40},"6":{"loc":{"start":{"line":41,"column":16},"end":{"line":46,"column":17}},"type":"if","locations":[{"start":{"line":41,"column":16},"end":{"line":46,"column":17}},{"start":{"line":41,"column":16},"end":{"line":46,"column":17}}],"line":41}},"s":{"0":1,"1":0,"2":0,"3":0,"4":0,"5":0,"6":0,"7":0,"8":0,"9":0,"10":0,"11":0,"12":1,"13":0,"14":0,"15":0,"16":0,"17":0,"18":0,"19":0,"20":0,"21":0,"22":0,"23":0,"24":0,"25":0,"26":0,"27":0,"28":0,"29":0,"30":0,"31":0,"32":0,"33":0,"34":0,"35":0,"36":1,"37":1,"38":1},"f":{"0":0,"1":0,"2":0,"3":0,"4":0,"5":0,"6":0,"7":0,"8":0,"9":0,"10":0,"11":0,"12":0,"13":0,"14":0,"15":0},"b":{"0":[1,1,1],"1":[0,0],"2":[0,0],"3":[0,0],"4":[0,0],"5":[0,0],"6":[0,0]},"inputSourceMap":{"version":3,"file":"C:/Users/Max/Desktop/Coding/WebChess/src/TextureHandler.ts","sources":["C:/Users/Max/Desktop/Coding/WebChess/src/TextureHandler.ts"],"names":[],"mappings":";;;;;;;;;;;AAAA,MAAqB,cAAc;IAKjC,MAAM,CAAO,OAAO;;YAClB,MAAM,WAAW,GAAiC,MAAM,OAAO,CAAC,GAAG,CAAC;gBAClE,cAAc,CAAC,IAAI,CAAC,MAAM,EAAE,OAAO,CAAC;gBACpC,cAAc,CAAC,IAAI,CAAC,QAAQ,EAAE,OAAO,CAAC;gBACtC,cAAc,CAAC,IAAI,CAAC,QAAQ,EAAE,OAAO,CAAC;gBACtC,cAAc,CAAC,IAAI,CAAC,MAAM,EAAE,OAAO,CAAC;gBACpC,cAAc,CAAC,IAAI,CAAC,OAAO,EAAE,OAAO,CAAC;gBACrC,cAAc,CAAC,IAAI,CAAC,MAAM,EAAE,OAAO,CAAC;gBAEpC,cAAc,CAAC,IAAI,CAAC,MAAM,EAAE,OAAO,CAAC;gBACpC,cAAc,CAAC,IAAI,CAAC,QAAQ,EAAE,OAAO,CAAC;gBACtC,cAAc,CAAC,IAAI,CAAC,QAAQ,EAAE,OAAO,CAAC;gBACtC,cAAc,CAAC,IAAI,CAAC,MAAM,EAAE,OAAO,CAAC;gBACpC,cAAc,CAAC,IAAI,CAAC,OAAO,EAAE,OAAO,CAAC;gBACrC,cAAc,CAAC,IAAI,CAAC,MAAM,EAAE,OAAO,CAAC;aAAC,CAAC,CAAC;YAEvC,OAAO,CAAC,GAAG,CAAC,yBAAyB,CAAC,CAAA;YAEtC,KAAI,IAAI,gBAAgB,IAAI,WAAW,EAAC;gBACtC,cAAc,CAAC,WAAW,CAAC,gBAAgB,CAAC,CAAC,CAAC,CAAC,GAAG,gBAAgB,CAAC,CAAC,CAAC,CAAC;aACvE;QACH,CAAC;KAAA;IAEH,MAAM,CAAO,IAAI,CAAC,IAAY,EAAE,KAAa;;YACzC,IAAI,GAAG,GAAqB,MAAM,IAAI,OAAO,CAAC,CAAC,OAAO,EAAE,EAAE;gBACxD,IAAI,GAAG,GAAG,IAAI,KAAK,EAAE,CAAC;gBAEtB,IAAI,SAAS,GAAG,KAAK,CAAC,MAAM,CAAC,CAAC,CAAC,CAAC;gBAChC,IAAI,QAAQ,GAAG,IAAI,IAAI,QAAQ,CAAC,CAAC,CAAC,GAAG,CAAC,CAAC,CAAC,IAAI,CAAC,WAAW,EAAE,CAAC,MAAM,CAAC,CAAC,CAAC,CAAC;gBAErE,IAAI,cAAc,CAAC,uBAAuB,EAAC;oBACzC,GAAG,CAAC,GAAG,GAAG,kHAAkH,SAAS,GAAG,QAAQ,MAAM,CAAC;iBACxJ;qBAAI;oBACH,GAAG,CAAC,GAAG,GAAG,YAAY,SAAS,GAAG,QAAQ,MAAM,CAAC;iBAClD;gBAED,GAAG,CAAC,MAAM,GAAG;oBACX,OAAO,CAAC,GAAG,CAAC,UAAU,KAAK,IAAI,IAAI,EAAE,CAAC,CAAA;oBACtC,OAAO,CAAC,GAAG,CAAC,CAAC;gBACf,CAAC,CAAA;gBAED,GAAG,CAAC,OAAO,GAAG;oBACZ,OAAO,CAAC,GAAG,CAAC,wBAAwB,CAAC,CAAA;gBACvC,CAAC,CAAA;gBAED,GAAG,CAAC,OAAO,GAAG;oBACZ,OAAO,CAAC,GAAG,CAAC,OAAO,CAAC,CAAA;gBACtB,CAAC,CAAA;gBAED,GAAG,CAAC,OAAO,GAAG;oBACZ,OAAO,CAAC,GAAG,CAAC,UAAU,CAAC,CAAA;gBACzB,CAAC,CAAA;YACH,CAAC,CAAC,CAAC;YACH,OAAO,CAAC,KAAK,CAAC,WAAW,EAAE,GAAG,GAAG,GAAG,IAAI,CAAC,WAAW,EAAE,EAAE,GAAG,CAAC,CAAC;QACjE,CAAC;KAAA;;AA3DH,iCA4DC;AA3DQ,sCAAuB,GAAG,IAAI,CAAC;AAE/B,0BAAW,GAAsC,EAAE,CAAC","sourcesContent":["export default class TextureHandler{\r\n  static SHOULD_LOAD_FROM_GITHUB = true;\r\n\r\n  static textureDict: {[key: string]: HTMLImageElement} = {};\r\n\r\n  static async loadAll(){\r\n    const textureList: [string, HTMLImageElement][] = await Promise.all([\r\n      TextureHandler.load(\"pawn\", \"white\"), \r\n      TextureHandler.load(\"bishop\", \"white\"),\r\n      TextureHandler.load(\"knight\", \"white\"),\r\n      TextureHandler.load(\"rook\", \"white\"),\r\n      TextureHandler.load(\"queen\", \"white\"),\r\n      TextureHandler.load(\"king\", \"white\"),\r\n      \r\n      TextureHandler.load(\"pawn\", \"black\"), \r\n      TextureHandler.load(\"bishop\", \"black\"),\r\n      TextureHandler.load(\"knight\", \"black\"),\r\n      TextureHandler.load(\"rook\", \"black\"),\r\n      TextureHandler.load(\"queen\", \"black\"),\r\n      TextureHandler.load(\"king\", \"black\")]);\r\n\r\n      console.log(\"Loaded all chess pieces\")\r\n\r\n      for(let textureComponent of textureList){\r\n        TextureHandler.textureDict[textureComponent[0]] = textureComponent[1];\r\n      }\r\n    }\r\n\r\n  static async load(type: string, color: string): Promise<[string, HTMLImageElement]>{\r\n      let img: HTMLImageElement = await new Promise((resolve) => {\r\n        let img = new Image();\r\n    \r\n        let colorChar = color.charAt(0);\r\n        let typeChar = type == \"knight\" ? \"N\" : type.toUpperCase().charAt(0);\r\n        \r\n        if (TextureHandler.SHOULD_LOAD_FROM_GITHUB){\r\n          img.src = `https://raw.githubusercontent.com/lichess-org/lila/fcfe042d774ece49e1a5d124d81af0e7996f365a/public/piece/kosal/${colorChar}${typeChar}.svg`;\r\n        }else{\r\n          img.src = `./assets/${colorChar}${typeChar}.png`;\r\n        }\r\n    \r\n        img.onload = function(){\r\n          console.log(`Loaded ${color} ${type}`)\r\n          resolve(img);\r\n        }\r\n\r\n        img.onerror = function(){\r\n          console.log(\"error: can't load lmao\")\r\n        }\r\n\r\n        img.onabort = function(){\r\n          console.log(\"saddo\")\r\n        }\r\n\r\n        img.onclose = function(){\r\n          console.log(\"close :(\")\r\n        }\r\n      });\r\n      return [color.toUpperCase() + \"_\" + type.toUpperCase(), img];\r\n  }\r\n}"]},"_coverageSchema":"1a1c01bbd47fc00a2c39e90264f33305004495a9","hash":"43b7d764d651bcfa70906fedbe221c933786ea6f"},"C:\\Users\\Max\\Desktop\\Coding\\WebChess\\src\\Move.ts":{"path":"C:\\Users\\Max\\Desktop\\Coding\\WebChess\\src\\Move.ts","statementMap":{"0":{"start":{"line":2,"column":22},"end":{"line":4,"column":1}},"1":{"start":{"line":3,"column":4},"end":{"line":3,"column":62}},"2":{"start":{"line":5,"column":0},"end":{"line":5,"column":62}},"3":{"start":{"line":6,"column":14},"end":{"line":6,"column":47}},"4":{"start":{"line":9,"column":8},"end":{"line":9,"column":20}},"5":{"start":{"line":10,"column":8},"end":{"line":10,"column":37}},"6":{"start":{"line":13,"column":8},"end":{"line":15,"column":10}},"7":{"start":{"line":14,"column":12},"end":{"line":14,"column":26}},"8":{"start":{"line":16,"column":8},"end":{"line":16,"column":20}},"9":{"start":{"line":19,"column":0},"end":{"line":19,"column":23}}},"fnMap":{"0":{"name":"(anonymous_0)","decl":{"start":{"line":2,"column":56},"end":{"line":2,"column":57}},"loc":{"start":{"line":2,"column":71},"end":{"line":4,"column":1}},"line":2},"1":{"name":"(anonymous_1)","decl":{"start":{"line":8,"column":4},"end":{"line":8,"column":5}},"loc":{"start":{"line":8,"column":22},"end":{"line":11,"column":5}},"line":8},"2":{"name":"(anonymous_2)","decl":{"start":{"line":10,"column":27},"end":{"line":10,"column":28}},"loc":{"start":{"line":10,"column":33},"end":{"line":10,"column":36}},"line":10},"3":{"name":"(anonymous_3)","decl":{"start":{"line":12,"column":4},"end":{"line":12,"column":5}},"loc":{"start":{"line":12,"column":30},"end":{"line":17,"column":5}},"line":12},"4":{"name":"(anonymous_4)","decl":{"start":{"line":13,"column":27},"end":{"line":13,"column":28}},"loc":{"start":{"line":13,"column":33},"end":{"line":15,"column":9}},"line":13}},"branchMap":{"0":{"loc":{"start":{"line":2,"column":22},"end":{"line":4,"column":1}},"type":"binary-expr","locations":[{"start":{"line":2,"column":23},"end":{"line":2,"column":27}},{"start":{"line":2,"column":31},"end":{"line":2,"column":51}},{"start":{"line":2,"column":56},"end":{"line":4,"column":1}}],"line":2},"1":{"loc":{"start":{"line":3,"column":11},"end":{"line":3,"column":61}},"type":"cond-expr","locations":[{"start":{"line":3,"column":37},"end":{"line":3,"column":40}},{"start":{"line":3,"column":43},"end":{"line":3,"column":61}}],"line":3},"2":{"loc":{"start":{"line":3,"column":12},"end":{"line":3,"column":33}},"type":"binary-expr","locations":[{"start":{"line":3,"column":12},"end":{"line":3,"column":15}},{"start":{"line":3,"column":19},"end":{"line":3,"column":33}}],"line":3}},"s":{"0":1,"1":1,"2":1,"3":1,"4":76474600,"5":76474600,"6":0,"7":0,"8":0,"9":1},"f":{"0":1,"1":76474600,"2":0,"3":0,"4":0},"b":{"0":[1,1,1],"1":[1,0],"2":[1,1]},"inputSourceMap":{"version":3,"file":"C:/Users/Max/Desktop/Coding/WebChess/src/Move.ts","sources":["C:/Users/Max/Desktop/Coding/WebChess/src/Move.ts"],"names":[],"mappings":";;;;;AACA,gDAAwB;AAExB,MAAqB,IAAK,SAAQ,aAAG;IAGjC,YAAY,CAAS,EAAE,CAAS;QAC5B,KAAK,CAAC,CAAC,EAAE,CAAC,CAAC,CAAC;QACZ,IAAI,CAAC,WAAW,GAAG,GAAG,EAAE,GAAE,CAAC,CAAC;IAChC,CAAC;IAED,YAAY,CAAC,WAAqB;QAC9B,IAAI,CAAC,WAAW,GAAG,GAAG,EAAE;YACpB,WAAW,EAAE,CAAC;QAClB,CAAC,CAAA;QACD,OAAO,IAAI,CAAC;IAChB,CAAC;CACJ;AAdD,uBAcC","sourcesContent":["import ChessBoard from \"./ChessBoard\";\r\nimport Pos from \"./Pos\";\r\n\r\nexport default class Move extends Pos{\r\n    onPieceMove: Function;\r\n\r\n    constructor(x: number, y: number){\r\n        super(x, y);\r\n        this.onPieceMove = () => {};\r\n    }\r\n\r\n    addAfterMath(onPieceMove: Function){\r\n        this.onPieceMove = () => {\r\n            onPieceMove();\r\n        }\r\n        return this;\r\n    }\r\n}"]},"_coverageSchema":"1a1c01bbd47fc00a2c39e90264f33305004495a9","hash":"fa294c17152755b2f0948064883fbfc610cc9bf1"}}